[2.931s] DEBUG:colcon:Command line arguments: ['/usr/bin/colcon', 'build']
[2.931s] DEBUG:colcon:Parsed command line arguments: Namespace(log_base=None, log_level=None, verb_name='build', build_base='build', install_base='install', merge_install=False, symlink_install=False, test_result_base=None, continue_on_error=False, executor='parallel', parallel_workers=4, event_handlers=None, ignore_user_meta=False, metas=['./colcon.meta'], base_paths=['.'], packages_ignore=None, packages_ignore_regex=None, paths=None, packages_up_to=None, packages_up_to_regex=None, packages_above=None, packages_above_and_dependencies=None, packages_above_depth=None, packages_select_by_dep=None, packages_skip_by_dep=None, packages_skip_up_to=None, packages_select_build_failed=False, packages_skip_build_finished=False, packages_select_test_failures=False, packages_skip_test_passed=False, packages_select=None, packages_skip=None, packages_select_regex=None, packages_skip_regex=None, packages_start=None, packages_end=None, allow_overriding=[], cmake_args=None, cmake_target=None, cmake_target_skip_unavailable=False, cmake_clean_cache=False, cmake_clean_first=False, cmake_force_configure=False, ament_cmake_args=None, catkin_cmake_args=None, catkin_skip_building_tests=False, verb_parser=<colcon_defaults.argument_parser.defaults.DefaultArgumentsDecorator object at 0x7f36d912c3a0>, verb_extension=<colcon_core.verb.build.BuildVerb object at 0x7f36d93b0850>, main=<bound method BuildVerb.main of <colcon_core.verb.build.BuildVerb object at 0x7f36d93b0850>>)
[3.129s] Level 1:colcon.colcon_core.package_discovery:discover_packages(colcon_meta) check parameters
[3.129s] Level 1:colcon.colcon_core.package_discovery:discover_packages(recursive) check parameters
[3.129s] Level 1:colcon.colcon_core.package_discovery:discover_packages(ignore) check parameters
[3.129s] Level 1:colcon.colcon_core.package_discovery:discover_packages(path) check parameters
[3.129s] Level 1:colcon.colcon_core.package_discovery:discover_packages(colcon_meta) discover
[3.130s] Level 1:colcon.colcon_core.package_discovery:discover_packages(recursive) discover
[3.130s] INFO:colcon.colcon_core.package_discovery:Crawling recursively for packages in '/home/mogtaba/robotic_workspace'
[3.130s] Level 1:colcon.colcon_core.package_identification:_identify(.) by extensions ['ignore', 'ignore_ament_install']
[3.130s] Level 1:colcon.colcon_core.package_identification:_identify(.) by extension 'ignore'
[3.130s] Level 1:colcon.colcon_core.package_identification:_identify(.) by extension 'ignore_ament_install'
[3.130s] Level 1:colcon.colcon_core.package_identification:_identify(.) by extensions ['colcon_pkg']
[3.130s] Level 1:colcon.colcon_core.package_identification:_identify(.) by extension 'colcon_pkg'
[3.131s] Level 1:colcon.colcon_core.package_identification:_identify(.) by extensions ['colcon_meta']
[3.131s] Level 1:colcon.colcon_core.package_identification:_identify(.) by extension 'colcon_meta'
[3.131s] Level 1:colcon.colcon_core.package_identification:_identify(.) by extensions ['ros']
[3.131s] Level 1:colcon.colcon_core.package_identification:_identify(.) by extension 'ros'
[3.152s] Level 1:colcon.colcon_core.package_identification:_identify(.) by extensions ['cmake', 'python']
[3.152s] Level 1:colcon.colcon_core.package_identification:_identify(.) by extension 'cmake'
[3.152s] Level 1:colcon.colcon_core.package_identification:_identify(.) by extension 'python'
[3.152s] Level 1:colcon.colcon_core.package_identification:_identify(.) by extensions ['python_setup_py']
[3.152s] Level 1:colcon.colcon_core.package_identification:_identify(.) by extension 'python_setup_py'
[3.153s] Level 1:colcon.colcon_core.package_identification:_identify(build) by extensions ['ignore', 'ignore_ament_install']
[3.153s] Level 1:colcon.colcon_core.package_identification:_identify(build) by extension 'ignore'
[3.153s] Level 1:colcon.colcon_core.package_identification:_identify(build) ignored
[3.153s] Level 1:colcon.colcon_core.package_identification:_identify(install) by extensions ['ignore', 'ignore_ament_install']
[3.153s] Level 1:colcon.colcon_core.package_identification:_identify(install) by extension 'ignore'
[3.154s] Level 1:colcon.colcon_core.package_identification:_identify(install) ignored
[3.154s] Level 1:colcon.colcon_core.package_identification:_identify(log) by extensions ['ignore', 'ignore_ament_install']
[3.154s] Level 1:colcon.colcon_core.package_identification:_identify(log) by extension 'ignore'
[3.154s] Level 1:colcon.colcon_core.package_identification:_identify(log) ignored
[3.154s] Level 1:colcon.colcon_core.package_identification:_identify(src) by extensions ['ignore', 'ignore_ament_install']
[3.154s] Level 1:colcon.colcon_core.package_identification:_identify(src) by extension 'ignore'
[3.155s] Level 1:colcon.colcon_core.package_identification:_identify(src) by extension 'ignore_ament_install'
[3.155s] Level 1:colcon.colcon_core.package_identification:_identify(src) by extensions ['colcon_pkg']
[3.155s] Level 1:colcon.colcon_core.package_identification:_identify(src) by extension 'colcon_pkg'
[3.155s] Level 1:colcon.colcon_core.package_identification:_identify(src) by extensions ['colcon_meta']
[3.155s] Level 1:colcon.colcon_core.package_identification:_identify(src) by extension 'colcon_meta'
[3.155s] Level 1:colcon.colcon_core.package_identification:_identify(src) by extensions ['ros']
[3.155s] Level 1:colcon.colcon_core.package_identification:_identify(src) by extension 'ros'
[3.155s] Level 1:colcon.colcon_core.package_identification:_identify(src) by extensions ['cmake', 'python']
[3.155s] Level 1:colcon.colcon_core.package_identification:_identify(src) by extension 'cmake'
[3.155s] Level 1:colcon.colcon_core.package_identification:_identify(src) by extension 'python'
[3.156s] Level 1:colcon.colcon_core.package_identification:_identify(src) by extensions ['python_setup_py']
[3.156s] Level 1:colcon.colcon_core.package_identification:_identify(src) by extension 'python_setup_py'
[3.156s] Level 1:colcon.colcon_core.package_identification:_identify(src/industrial_robot_arm) by extensions ['ignore', 'ignore_ament_install']
[3.156s] Level 1:colcon.colcon_core.package_identification:_identify(src/industrial_robot_arm) by extension 'ignore'
[3.156s] Level 1:colcon.colcon_core.package_identification:_identify(src/industrial_robot_arm) by extension 'ignore_ament_install'
[3.156s] Level 1:colcon.colcon_core.package_identification:_identify(src/industrial_robot_arm) by extensions ['colcon_pkg']
[3.156s] Level 1:colcon.colcon_core.package_identification:_identify(src/industrial_robot_arm) by extension 'colcon_pkg'
[3.156s] Level 1:colcon.colcon_core.package_identification:_identify(src/industrial_robot_arm) by extensions ['colcon_meta']
[3.156s] Level 1:colcon.colcon_core.package_identification:_identify(src/industrial_robot_arm) by extension 'colcon_meta'
[3.157s] Level 1:colcon.colcon_core.package_identification:_identify(src/industrial_robot_arm) by extensions ['ros']
[3.157s] Level 1:colcon.colcon_core.package_identification:_identify(src/industrial_robot_arm) by extension 'ros'
[3.161s] DEBUG:colcon.colcon_core.package_identification:Package 'src/industrial_robot_arm' with type 'ros.ament_python' and name 'industrial_robot_arm'
[3.162s] Level 1:colcon.colcon_core.package_discovery:discover_packages(recursive) using defaults
[3.162s] Level 1:colcon.colcon_core.package_discovery:discover_packages(ignore) discover
[3.162s] Level 1:colcon.colcon_core.package_discovery:discover_packages(ignore) using defaults
[3.162s] Level 1:colcon.colcon_core.package_discovery:discover_packages(path) discover
[3.162s] Level 1:colcon.colcon_core.package_discovery:discover_packages(path) using defaults
[3.392s] Level 1:colcon.colcon_core.package_discovery:discover_packages(prefix_path) check parameters
[3.392s] Level 1:colcon.colcon_core.package_discovery:discover_packages(prefix_path) discover
[3.432s] WARNING:colcon.colcon_ros.prefix_path.ament:The path '/home/mogtaba/robotic_workspace/install/industrial_robot_arm' in the environment variable AMENT_PREFIX_PATH doesn't exist
[3.503s] DEBUG:colcon.colcon_installed_package_information.package_discovery:Found 0 installed packages in /home/mogtaba/robotic_workspace/install
[3.573s] DEBUG:colcon.colcon_installed_package_information.package_discovery:Found 297 installed packages in /opt/ros/humble
[3.575s] Level 1:colcon.colcon_core.package_discovery:discover_packages(prefix_path) using defaults
[3.846s] Level 5:colcon.colcon_core.verb:set package 'industrial_robot_arm' build argument 'cmake_args' from command line to 'None'
[3.846s] Level 5:colcon.colcon_core.verb:set package 'industrial_robot_arm' build argument 'cmake_target' from command line to 'None'
[3.846s] Level 5:colcon.colcon_core.verb:set package 'industrial_robot_arm' build argument 'cmake_target_skip_unavailable' from command line to 'False'
[3.846s] Level 5:colcon.colcon_core.verb:set package 'industrial_robot_arm' build argument 'cmake_clean_cache' from command line to 'False'
[3.846s] Level 5:colcon.colcon_core.verb:set package 'industrial_robot_arm' build argument 'cmake_clean_first' from command line to 'False'
[3.846s] Level 5:colcon.colcon_core.verb:set package 'industrial_robot_arm' build argument 'cmake_force_configure' from command line to 'False'
[3.846s] Level 5:colcon.colcon_core.verb:set package 'industrial_robot_arm' build argument 'ament_cmake_args' from command line to 'None'
[3.846s] Level 5:colcon.colcon_core.verb:set package 'industrial_robot_arm' build argument 'catkin_cmake_args' from command line to 'None'
[3.846s] Level 5:colcon.colcon_core.verb:set package 'industrial_robot_arm' build argument 'catkin_skip_building_tests' from command line to 'False'
[3.847s] DEBUG:colcon.colcon_core.verb:Building package 'industrial_robot_arm' with the following arguments: {'ament_cmake_args': None, 'build_base': '/home/mogtaba/robotic_workspace/build/industrial_robot_arm', 'catkin_cmake_args': None, 'catkin_skip_building_tests': False, 'cmake_args': None, 'cmake_clean_cache': False, 'cmake_clean_first': False, 'cmake_force_configure': False, 'cmake_target': None, 'cmake_target_skip_unavailable': False, 'install_base': '/home/mogtaba/robotic_workspace/install/industrial_robot_arm', 'merge_install': False, 'path': '/home/mogtaba/robotic_workspace/src/industrial_robot_arm', 'symlink_install': False, 'test_result_base': None}
[3.884s] INFO:colcon.colcon_core.executor:Executing jobs using 'parallel' executor
[3.924s] DEBUG:colcon.colcon_parallel_executor.executor.parallel:run_until_complete
[3.925s] INFO:colcon.colcon_ros.task.ament_python.build:Building ROS package in '/home/mogtaba/robotic_workspace/src/industrial_robot_arm' with build type 'ament_python'
[3.925s] Level 1:colcon.colcon_core.shell:create_environment_hook('industrial_robot_arm', 'ament_prefix_path')
[4.026s] INFO:colcon.colcon_core.plugin_system:Skipping extension 'colcon_core.shell.bat': Not used on non-Windows systems
[4.026s] INFO:colcon.colcon_core.shell:Creating environment hook '/home/mogtaba/robotic_workspace/install/industrial_robot_arm/share/industrial_robot_arm/hook/ament_prefix_path.ps1'
[4.055s] INFO:colcon.colcon_core.shell:Creating environment descriptor '/home/mogtaba/robotic_workspace/install/industrial_robot_arm/share/industrial_robot_arm/hook/ament_prefix_path.dsv'
[4.057s] INFO:colcon.colcon_core.shell:Creating environment hook '/home/mogtaba/robotic_workspace/install/industrial_robot_arm/share/industrial_robot_arm/hook/ament_prefix_path.sh'
[4.175s] INFO:colcon.colcon_core.shell:Skip shell extension 'powershell' for command environment: Not usable outside of PowerShell
[4.175s] DEBUG:colcon.colcon_core.shell:Skip shell extension 'dsv' for command environment
[5.046s] INFO:colcon.colcon_core.task.python.build:Building Python package in '/home/mogtaba/robotic_workspace/src/industrial_robot_arm'
[5.088s] INFO:colcon.colcon_core.shell:Skip shell extension 'powershell' for command environment: Not usable outside of PowerShell
[5.088s] DEBUG:colcon.colcon_core.shell:Skip shell extension 'dsv' for command environment
[7.005s] DEBUG:colcon.colcon_core.event_handler.log_command:Invoking command in '/home/mogtaba/robotic_workspace/src/industrial_robot_arm': PYTHONPATH=/home/mogtaba/robotic_workspace/build/industrial_robot_arm/prefix_override:/home/mogtaba/robotic_workspace/install/industrial_robot_arm/lib/python3.10/site-packages:${PYTHONPATH} WSLENV=ELECTRON_RUN_AS_NODE/w:WT_SESSION::WT_PROFILE_ID /usr/bin/python3 setup.py egg_info --egg-base ../../build/industrial_robot_arm build --build-base /home/mogtaba/robotic_workspace/build/industrial_robot_arm/build install --record /home/mogtaba/robotic_workspace/build/industrial_robot_arm/install.log --single-version-externally-managed
[8.338s] DEBUG:colcon.colcon_core.event_handler.log_command:Invoked command in '/home/mogtaba/robotic_workspace/src/industrial_robot_arm' returned '0': PYTHONPATH=/home/mogtaba/robotic_workspace/build/industrial_robot_arm/prefix_override:/home/mogtaba/robotic_workspace/install/industrial_robot_arm/lib/python3.10/site-packages:${PYTHONPATH} WSLENV=ELECTRON_RUN_AS_NODE/w:WT_SESSION::WT_PROFILE_ID /usr/bin/python3 setup.py egg_info --egg-base ../../build/industrial_robot_arm build --build-base /home/mogtaba/robotic_workspace/build/industrial_robot_arm/build install --record /home/mogtaba/robotic_workspace/build/industrial_robot_arm/install.log --single-version-externally-managed
[8.428s] Level 1:colcon.colcon_core.environment:checking '/home/mogtaba/robotic_workspace/install/industrial_robot_arm' for CMake module files
[8.430s] Level 1:colcon.colcon_core.environment:checking '/home/mogtaba/robotic_workspace/install/industrial_robot_arm' for CMake config files
[8.433s] Level 1:colcon.colcon_core.environment:checking '/home/mogtaba/robotic_workspace/install/industrial_robot_arm/lib'
[8.433s] Level 1:colcon.colcon_core.environment:checking '/home/mogtaba/robotic_workspace/install/industrial_robot_arm/bin'
[8.433s] Level 1:colcon.colcon_core.environment:checking '/home/mogtaba/robotic_workspace/install/industrial_robot_arm/lib/pkgconfig/industrial_robot_arm.pc'
[8.434s] Level 1:colcon.colcon_core.environment:checking '/home/mogtaba/robotic_workspace/install/industrial_robot_arm/lib/python3.10/site-packages'
[8.434s] Level 1:colcon.colcon_core.shell:create_environment_hook('industrial_robot_arm', 'pythonpath')
[8.513s] INFO:colcon.colcon_core.shell:Creating environment hook '/home/mogtaba/robotic_workspace/install/industrial_robot_arm/share/industrial_robot_arm/hook/pythonpath.ps1'
[8.515s] INFO:colcon.colcon_core.shell:Creating environment descriptor '/home/mogtaba/robotic_workspace/install/industrial_robot_arm/share/industrial_robot_arm/hook/pythonpath.dsv'
[8.517s] INFO:colcon.colcon_core.shell:Creating environment hook '/home/mogtaba/robotic_workspace/install/industrial_robot_arm/share/industrial_robot_arm/hook/pythonpath.sh'
[8.519s] Level 1:colcon.colcon_core.environment:checking '/home/mogtaba/robotic_workspace/install/industrial_robot_arm/bin'
[8.520s] Level 1:colcon.colcon_core.environment:create_environment_scripts_only(industrial_robot_arm)
[8.607s] INFO:colcon.colcon_core.shell:Creating package script '/home/mogtaba/robotic_workspace/install/industrial_robot_arm/share/industrial_robot_arm/package.ps1'
[8.612s] INFO:colcon.colcon_core.shell:Creating package descriptor '/home/mogtaba/robotic_workspace/install/industrial_robot_arm/share/industrial_robot_arm/package.dsv'
[8.615s] INFO:colcon.colcon_core.shell:Creating package script '/home/mogtaba/robotic_workspace/install/industrial_robot_arm/share/industrial_robot_arm/package.sh'
[8.619s] INFO:colcon.colcon_core.shell:Creating package script '/home/mogtaba/robotic_workspace/install/industrial_robot_arm/share/industrial_robot_arm/package.bash'
[8.623s] INFO:colcon.colcon_core.shell:Creating package script '/home/mogtaba/robotic_workspace/install/industrial_robot_arm/share/industrial_robot_arm/package.zsh'
[8.628s] Level 1:colcon.colcon_core.environment:create_file_with_runtime_dependencies(/home/mogtaba/robotic_workspace/install/industrial_robot_arm/share/colcon-core/packages/industrial_robot_arm)
[8.630s] DEBUG:colcon.colcon_parallel_executor.executor.parallel:closing loop
[8.631s] DEBUG:colcon.colcon_parallel_executor.executor.parallel:loop closed
[8.631s] DEBUG:colcon.colcon_parallel_executor.executor.parallel:run_until_complete finished with '0'
[8.631s] DEBUG:colcon.colcon_core.event_reactor:joining thread
[8.785s] INFO:colcon.colcon_core.plugin_system:Skipping extension 'colcon_notification.desktop_notification.notify_send': Could not find 'notify-send'
[8.785s] INFO:colcon.colcon_core.plugin_system:Skipping extension 'colcon_notification.desktop_notification.terminal_notifier': Not used on non-Darwin systems
[8.785s] INFO:colcon.colcon_core.plugin_system:Skipping extension 'colcon_notification.desktop_notification.win32': Not used on non-Windows systems
[8.785s] INFO:colcon.colcon_notification.desktop_notification:Sending desktop notification using 'notify2'
[8.857s] DEBUG:colcon.colcon_notification.desktop_notification.notify2:Failed to initialize notify2: org.freedesktop.DBus.Error.ServiceUnknown: The name org.freedesktop.Notifications was not provided by any .service files
[8.863s] DEBUG:colcon.colcon_core.event_reactor:joined thread
[8.928s] INFO:colcon.colcon_core.shell:Creating prefix script '/home/mogtaba/robotic_workspace/install/local_setup.ps1'
[8.931s] INFO:colcon.colcon_core.shell:Creating prefix util module '/home/mogtaba/robotic_workspace/install/_local_setup_util_ps1.py'
[8.934s] INFO:colcon.colcon_core.shell:Creating prefix chain script '/home/mogtaba/robotic_workspace/install/setup.ps1'
[8.990s] INFO:colcon.colcon_core.shell:Creating prefix script '/home/mogtaba/robotic_workspace/install/local_setup.sh'
[8.992s] INFO:colcon.colcon_core.shell:Creating prefix util module '/home/mogtaba/robotic_workspace/install/_local_setup_util_sh.py'
[8.995s] INFO:colcon.colcon_core.shell:Creating prefix chain script '/home/mogtaba/robotic_workspace/install/setup.sh'
[9.061s] INFO:colcon.colcon_core.shell:Creating prefix script '/home/mogtaba/robotic_workspace/install/local_setup.bash'
[9.064s] INFO:colcon.colcon_core.shell:Creating prefix chain script '/home/mogtaba/robotic_workspace/install/setup.bash'
[9.133s] INFO:colcon.colcon_core.shell:Creating prefix script '/home/mogtaba/robotic_workspace/install/local_setup.zsh'
[9.136s] INFO:colcon.colcon_core.shell:Creating prefix chain script '/home/mogtaba/robotic_workspace/install/setup.zsh'
