[3.561s] DEBUG:colcon:Command line arguments: ['/usr/bin/colcon', 'build']
[3.561s] DEBUG:colcon:Parsed command line arguments: Namespace(log_base=None, log_level=None, verb_name='build', build_base='build', install_base='install', merge_install=False, symlink_install=False, test_result_base=None, continue_on_error=False, executor='parallel', parallel_workers=4, event_handlers=None, ignore_user_meta=False, metas=['./colcon.meta'], base_paths=['.'], packages_ignore=None, packages_ignore_regex=None, paths=None, packages_up_to=None, packages_up_to_regex=None, packages_above=None, packages_above_and_dependencies=None, packages_above_depth=None, packages_select_by_dep=None, packages_skip_by_dep=None, packages_skip_up_to=None, packages_select_build_failed=False, packages_skip_build_finished=False, packages_select_test_failures=False, packages_skip_test_passed=False, packages_select=None, packages_skip=None, packages_select_regex=None, packages_skip_regex=None, packages_start=None, packages_end=None, allow_overriding=[], cmake_args=None, cmake_target=None, cmake_target_skip_unavailable=False, cmake_clean_cache=False, cmake_clean_first=False, cmake_force_configure=False, ament_cmake_args=None, catkin_cmake_args=None, catkin_skip_building_tests=False, verb_parser=<colcon_defaults.argument_parser.defaults.DefaultArgumentsDecorator object at 0x7faf208fc610>, verb_extension=<colcon_core.verb.build.BuildVerb object at 0x7faf20b86da0>, main=<bound method BuildVerb.main of <colcon_core.verb.build.BuildVerb object at 0x7faf20b86da0>>)
[3.724s] Level 1:colcon.colcon_core.package_discovery:discover_packages(colcon_meta) check parameters
[3.725s] Level 1:colcon.colcon_core.package_discovery:discover_packages(recursive) check parameters
[3.725s] Level 1:colcon.colcon_core.package_discovery:discover_packages(ignore) check parameters
[3.725s] Level 1:colcon.colcon_core.package_discovery:discover_packages(path) check parameters
[3.725s] Level 1:colcon.colcon_core.package_discovery:discover_packages(colcon_meta) discover
[3.725s] Level 1:colcon.colcon_core.package_discovery:discover_packages(recursive) discover
[3.725s] INFO:colcon.colcon_core.package_discovery:Crawling recursively for packages in '/home/mogtaba/robotic_workspace'
[3.725s] Level 1:colcon.colcon_core.package_identification:_identify(.) by extensions ['ignore', 'ignore_ament_install']
[3.725s] Level 1:colcon.colcon_core.package_identification:_identify(.) by extension 'ignore'
[3.726s] Level 1:colcon.colcon_core.package_identification:_identify(.) by extension 'ignore_ament_install'
[3.726s] Level 1:colcon.colcon_core.package_identification:_identify(.) by extensions ['colcon_pkg']
[3.726s] Level 1:colcon.colcon_core.package_identification:_identify(.) by extension 'colcon_pkg'
[3.726s] Level 1:colcon.colcon_core.package_identification:_identify(.) by extensions ['colcon_meta']
[3.726s] Level 1:colcon.colcon_core.package_identification:_identify(.) by extension 'colcon_meta'
[3.726s] Level 1:colcon.colcon_core.package_identification:_identify(.) by extensions ['ros']
[3.726s] Level 1:colcon.colcon_core.package_identification:_identify(.) by extension 'ros'
[3.752s] Level 1:colcon.colcon_core.package_identification:_identify(.) by extensions ['cmake', 'python']
[3.752s] Level 1:colcon.colcon_core.package_identification:_identify(.) by extension 'cmake'
[3.753s] Level 1:colcon.colcon_core.package_identification:_identify(.) by extension 'python'
[3.753s] Level 1:colcon.colcon_core.package_identification:_identify(.) by extensions ['python_setup_py']
[3.753s] Level 1:colcon.colcon_core.package_identification:_identify(.) by extension 'python_setup_py'
[3.753s] Level 1:colcon.colcon_core.package_identification:_identify(build) by extensions ['ignore', 'ignore_ament_install']
[3.753s] Level 1:colcon.colcon_core.package_identification:_identify(build) by extension 'ignore'
[3.753s] Level 1:colcon.colcon_core.package_identification:_identify(build) ignored
[3.754s] Level 1:colcon.colcon_core.package_identification:_identify(install) by extensions ['ignore', 'ignore_ament_install']
[3.754s] Level 1:colcon.colcon_core.package_identification:_identify(install) by extension 'ignore'
[3.754s] Level 1:colcon.colcon_core.package_identification:_identify(install) ignored
[3.754s] Level 1:colcon.colcon_core.package_identification:_identify(log) by extensions ['ignore', 'ignore_ament_install']
[3.755s] Level 1:colcon.colcon_core.package_identification:_identify(log) by extension 'ignore'
[3.755s] Level 1:colcon.colcon_core.package_identification:_identify(log) ignored
[3.755s] Level 1:colcon.colcon_core.package_identification:_identify(src) by extensions ['ignore', 'ignore_ament_install']
[3.755s] Level 1:colcon.colcon_core.package_identification:_identify(src) by extension 'ignore'
[3.755s] Level 1:colcon.colcon_core.package_identification:_identify(src) by extension 'ignore_ament_install'
[3.755s] Level 1:colcon.colcon_core.package_identification:_identify(src) by extensions ['colcon_pkg']
[3.755s] Level 1:colcon.colcon_core.package_identification:_identify(src) by extension 'colcon_pkg'
[3.756s] Level 1:colcon.colcon_core.package_identification:_identify(src) by extensions ['colcon_meta']
[3.756s] Level 1:colcon.colcon_core.package_identification:_identify(src) by extension 'colcon_meta'
[3.756s] Level 1:colcon.colcon_core.package_identification:_identify(src) by extensions ['ros']
[3.756s] Level 1:colcon.colcon_core.package_identification:_identify(src) by extension 'ros'
[3.756s] Level 1:colcon.colcon_core.package_identification:_identify(src) by extensions ['cmake', 'python']
[3.756s] Level 1:colcon.colcon_core.package_identification:_identify(src) by extension 'cmake'
[3.756s] Level 1:colcon.colcon_core.package_identification:_identify(src) by extension 'python'
[3.756s] Level 1:colcon.colcon_core.package_identification:_identify(src) by extensions ['python_setup_py']
[3.756s] Level 1:colcon.colcon_core.package_identification:_identify(src) by extension 'python_setup_py'
[3.757s] Level 1:colcon.colcon_core.package_identification:_identify(src/arm_moveit_config) by extensions ['ignore', 'ignore_ament_install']
[3.757s] Level 1:colcon.colcon_core.package_identification:_identify(src/arm_moveit_config) by extension 'ignore'
[3.757s] Level 1:colcon.colcon_core.package_identification:_identify(src/arm_moveit_config) by extension 'ignore_ament_install'
[3.758s] Level 1:colcon.colcon_core.package_identification:_identify(src/arm_moveit_config) by extensions ['colcon_pkg']
[3.758s] Level 1:colcon.colcon_core.package_identification:_identify(src/arm_moveit_config) by extension 'colcon_pkg'
[3.758s] Level 1:colcon.colcon_core.package_identification:_identify(src/arm_moveit_config) by extensions ['colcon_meta']
[3.758s] Level 1:colcon.colcon_core.package_identification:_identify(src/arm_moveit_config) by extension 'colcon_meta'
[3.758s] Level 1:colcon.colcon_core.package_identification:_identify(src/arm_moveit_config) by extensions ['ros']
[3.758s] Level 1:colcon.colcon_core.package_identification:_identify(src/arm_moveit_config) by extension 'ros'
[3.765s] DEBUG:colcon.colcon_core.package_identification:Package 'src/arm_moveit_config' with type 'ros.ament_cmake' and name 'arm_moveit_config'
[3.765s] Level 1:colcon.colcon_core.package_identification:_identify(src/industrial_robot_arm) by extensions ['ignore', 'ignore_ament_install']
[3.766s] Level 1:colcon.colcon_core.package_identification:_identify(src/industrial_robot_arm) by extension 'ignore'
[3.766s] Level 1:colcon.colcon_core.package_identification:_identify(src/industrial_robot_arm) by extension 'ignore_ament_install'
[3.766s] Level 1:colcon.colcon_core.package_identification:_identify(src/industrial_robot_arm) by extensions ['colcon_pkg']
[3.766s] Level 1:colcon.colcon_core.package_identification:_identify(src/industrial_robot_arm) by extension 'colcon_pkg'
[3.766s] Level 1:colcon.colcon_core.package_identification:_identify(src/industrial_robot_arm) by extensions ['colcon_meta']
[3.766s] Level 1:colcon.colcon_core.package_identification:_identify(src/industrial_robot_arm) by extension 'colcon_meta'
[3.766s] Level 1:colcon.colcon_core.package_identification:_identify(src/industrial_robot_arm) by extensions ['ros']
[3.766s] Level 1:colcon.colcon_core.package_identification:_identify(src/industrial_robot_arm) by extension 'ros'
[3.767s] DEBUG:colcon.colcon_core.package_identification:Package 'src/industrial_robot_arm' with type 'ros.ament_python' and name 'industrial_robot_arm'
[3.767s] Level 1:colcon.colcon_core.package_discovery:discover_packages(recursive) using defaults
[3.768s] Level 1:colcon.colcon_core.package_discovery:discover_packages(ignore) discover
[3.768s] Level 1:colcon.colcon_core.package_discovery:discover_packages(ignore) using defaults
[3.768s] Level 1:colcon.colcon_core.package_discovery:discover_packages(path) discover
[3.768s] Level 1:colcon.colcon_core.package_discovery:discover_packages(path) using defaults
[4.068s] Level 1:colcon.colcon_core.package_discovery:discover_packages(prefix_path) check parameters
[4.068s] Level 1:colcon.colcon_core.package_discovery:discover_packages(prefix_path) discover
[4.182s] DEBUG:colcon.colcon_installed_package_information.package_discovery:Found 2 installed packages in /home/mogtaba/robotic_workspace/install
[4.236s] DEBUG:colcon.colcon_installed_package_information.package_discovery:Found 335 installed packages in /opt/ros/humble
[4.240s] Level 1:colcon.colcon_core.package_discovery:discover_packages(prefix_path) using defaults
[4.568s] Level 5:colcon.colcon_core.verb:set package 'industrial_robot_arm' build argument 'cmake_args' from command line to 'None'
[4.568s] Level 5:colcon.colcon_core.verb:set package 'industrial_robot_arm' build argument 'cmake_target' from command line to 'None'
[4.568s] Level 5:colcon.colcon_core.verb:set package 'industrial_robot_arm' build argument 'cmake_target_skip_unavailable' from command line to 'False'
[4.568s] Level 5:colcon.colcon_core.verb:set package 'industrial_robot_arm' build argument 'cmake_clean_cache' from command line to 'False'
[4.568s] Level 5:colcon.colcon_core.verb:set package 'industrial_robot_arm' build argument 'cmake_clean_first' from command line to 'False'
[4.568s] Level 5:colcon.colcon_core.verb:set package 'industrial_robot_arm' build argument 'cmake_force_configure' from command line to 'False'
[4.568s] Level 5:colcon.colcon_core.verb:set package 'industrial_robot_arm' build argument 'ament_cmake_args' from command line to 'None'
[4.568s] Level 5:colcon.colcon_core.verb:set package 'industrial_robot_arm' build argument 'catkin_cmake_args' from command line to 'None'
[4.568s] Level 5:colcon.colcon_core.verb:set package 'industrial_robot_arm' build argument 'catkin_skip_building_tests' from command line to 'False'
[4.568s] DEBUG:colcon.colcon_core.verb:Building package 'industrial_robot_arm' with the following arguments: {'ament_cmake_args': None, 'build_base': '/home/mogtaba/robotic_workspace/build/industrial_robot_arm', 'catkin_cmake_args': None, 'catkin_skip_building_tests': False, 'cmake_args': None, 'cmake_clean_cache': False, 'cmake_clean_first': False, 'cmake_force_configure': False, 'cmake_target': None, 'cmake_target_skip_unavailable': False, 'install_base': '/home/mogtaba/robotic_workspace/install/industrial_robot_arm', 'merge_install': False, 'path': '/home/mogtaba/robotic_workspace/src/industrial_robot_arm', 'symlink_install': False, 'test_result_base': None}
[4.620s] Level 5:colcon.colcon_core.verb:set package 'arm_moveit_config' build argument 'cmake_args' from command line to 'None'
[4.620s] Level 5:colcon.colcon_core.verb:set package 'arm_moveit_config' build argument 'cmake_target' from command line to 'None'
[4.620s] Level 5:colcon.colcon_core.verb:set package 'arm_moveit_config' build argument 'cmake_target_skip_unavailable' from command line to 'False'
[4.620s] Level 5:colcon.colcon_core.verb:set package 'arm_moveit_config' build argument 'cmake_clean_cache' from command line to 'False'
[4.620s] Level 5:colcon.colcon_core.verb:set package 'arm_moveit_config' build argument 'cmake_clean_first' from command line to 'False'
[4.621s] Level 5:colcon.colcon_core.verb:set package 'arm_moveit_config' build argument 'cmake_force_configure' from command line to 'False'
[4.621s] Level 5:colcon.colcon_core.verb:set package 'arm_moveit_config' build argument 'ament_cmake_args' from command line to 'None'
[4.621s] Level 5:colcon.colcon_core.verb:set package 'arm_moveit_config' build argument 'catkin_cmake_args' from command line to 'None'
[4.621s] Level 5:colcon.colcon_core.verb:set package 'arm_moveit_config' build argument 'catkin_skip_building_tests' from command line to 'False'
[4.621s] DEBUG:colcon.colcon_core.verb:Building package 'arm_moveit_config' with the following arguments: {'ament_cmake_args': None, 'build_base': '/home/mogtaba/robotic_workspace/build/arm_moveit_config', 'catkin_cmake_args': None, 'catkin_skip_building_tests': False, 'cmake_args': None, 'cmake_clean_cache': False, 'cmake_clean_first': False, 'cmake_force_configure': False, 'cmake_target': None, 'cmake_target_skip_unavailable': False, 'install_base': '/home/mogtaba/robotic_workspace/install/arm_moveit_config', 'merge_install': False, 'path': '/home/mogtaba/robotic_workspace/src/arm_moveit_config', 'symlink_install': False, 'test_result_base': None}
[4.669s] INFO:colcon.colcon_core.executor:Executing jobs using 'parallel' executor
[4.724s] DEBUG:colcon.colcon_parallel_executor.executor.parallel:run_until_complete
[4.725s] INFO:colcon.colcon_ros.task.ament_python.build:Building ROS package in '/home/mogtaba/robotic_workspace/src/industrial_robot_arm' with build type 'ament_python'
[4.725s] Level 1:colcon.colcon_core.shell:create_environment_hook('industrial_robot_arm', 'ament_prefix_path')
[4.794s] INFO:colcon.colcon_core.plugin_system:Skipping extension 'colcon_core.shell.bat': Not used on non-Windows systems
[4.794s] INFO:colcon.colcon_core.shell:Creating environment hook '/home/mogtaba/robotic_workspace/install/industrial_robot_arm/share/industrial_robot_arm/hook/ament_prefix_path.ps1'
[4.796s] INFO:colcon.colcon_core.shell:Creating environment descriptor '/home/mogtaba/robotic_workspace/install/industrial_robot_arm/share/industrial_robot_arm/hook/ament_prefix_path.dsv'
[4.799s] INFO:colcon.colcon_core.shell:Creating environment hook '/home/mogtaba/robotic_workspace/install/industrial_robot_arm/share/industrial_robot_arm/hook/ament_prefix_path.sh'
[4.866s] INFO:colcon.colcon_core.shell:Skip shell extension 'powershell' for command environment: Not usable outside of PowerShell
[4.866s] DEBUG:colcon.colcon_core.shell:Skip shell extension 'dsv' for command environment
[5.870s] INFO:colcon.colcon_core.task.python.build:Building Python package in '/home/mogtaba/robotic_workspace/src/industrial_robot_arm'
[5.926s] INFO:colcon.colcon_core.shell:Skip shell extension 'powershell' for command environment: Not usable outside of PowerShell
[5.926s] DEBUG:colcon.colcon_core.shell:Skip shell extension 'dsv' for command environment
[7.287s] DEBUG:colcon.colcon_core.event_handler.log_command:Invoking command in '/home/mogtaba/robotic_workspace/src/industrial_robot_arm': PYTHONPATH=/home/mogtaba/robotic_workspace/build/industrial_robot_arm/prefix_override:/home/mogtaba/robotic_workspace/install/industrial_robot_arm/lib/python3.10/site-packages:${PYTHONPATH} /usr/bin/python3 setup.py egg_info --egg-base ../../build/industrial_robot_arm build --build-base /home/mogtaba/robotic_workspace/build/industrial_robot_arm/build install --record /home/mogtaba/robotic_workspace/build/industrial_robot_arm/install.log --single-version-externally-managed
[8.636s] DEBUG:colcon.colcon_core.event_handler.log_command:Invoked command in '/home/mogtaba/robotic_workspace/src/industrial_robot_arm' returned '0': PYTHONPATH=/home/mogtaba/robotic_workspace/build/industrial_robot_arm/prefix_override:/home/mogtaba/robotic_workspace/install/industrial_robot_arm/lib/python3.10/site-packages:${PYTHONPATH} /usr/bin/python3 setup.py egg_info --egg-base ../../build/industrial_robot_arm build --build-base /home/mogtaba/robotic_workspace/build/industrial_robot_arm/build install --record /home/mogtaba/robotic_workspace/build/industrial_robot_arm/install.log --single-version-externally-managed
[8.729s] Level 1:colcon.colcon_core.environment:checking '/home/mogtaba/robotic_workspace/install/industrial_robot_arm' for CMake module files
[8.730s] Level 1:colcon.colcon_core.environment:checking '/home/mogtaba/robotic_workspace/install/industrial_robot_arm' for CMake config files
[8.733s] Level 1:colcon.colcon_core.environment:checking '/home/mogtaba/robotic_workspace/install/industrial_robot_arm/lib'
[8.734s] Level 1:colcon.colcon_core.environment:checking '/home/mogtaba/robotic_workspace/install/industrial_robot_arm/bin'
[8.734s] Level 1:colcon.colcon_core.environment:checking '/home/mogtaba/robotic_workspace/install/industrial_robot_arm/lib/pkgconfig/industrial_robot_arm.pc'
[8.735s] Level 1:colcon.colcon_core.environment:checking '/home/mogtaba/robotic_workspace/install/industrial_robot_arm/lib/python3.10/site-packages'
[8.735s] Level 1:colcon.colcon_core.shell:create_environment_hook('industrial_robot_arm', 'pythonpath')
[8.791s] INFO:colcon.colcon_core.shell:Creating environment hook '/home/mogtaba/robotic_workspace/install/industrial_robot_arm/share/industrial_robot_arm/hook/pythonpath.ps1'
[8.792s] INFO:colcon.colcon_core.shell:Creating environment descriptor '/home/mogtaba/robotic_workspace/install/industrial_robot_arm/share/industrial_robot_arm/hook/pythonpath.dsv'
[8.793s] INFO:colcon.colcon_core.shell:Creating environment hook '/home/mogtaba/robotic_workspace/install/industrial_robot_arm/share/industrial_robot_arm/hook/pythonpath.sh'
[8.795s] Level 1:colcon.colcon_core.environment:checking '/home/mogtaba/robotic_workspace/install/industrial_robot_arm/bin'
[8.795s] Level 1:colcon.colcon_core.environment:create_environment_scripts_only(industrial_robot_arm)
[8.860s] INFO:colcon.colcon_core.shell:Creating package script '/home/mogtaba/robotic_workspace/install/industrial_robot_arm/share/industrial_robot_arm/package.ps1'
[8.861s] INFO:colcon.colcon_core.shell:Creating package descriptor '/home/mogtaba/robotic_workspace/install/industrial_robot_arm/share/industrial_robot_arm/package.dsv'
[8.863s] INFO:colcon.colcon_core.shell:Creating package script '/home/mogtaba/robotic_workspace/install/industrial_robot_arm/share/industrial_robot_arm/package.sh'
[8.865s] INFO:colcon.colcon_core.shell:Creating package script '/home/mogtaba/robotic_workspace/install/industrial_robot_arm/share/industrial_robot_arm/package.bash'
[8.866s] INFO:colcon.colcon_core.shell:Creating package script '/home/mogtaba/robotic_workspace/install/industrial_robot_arm/share/industrial_robot_arm/package.zsh'
[8.869s] Level 1:colcon.colcon_core.environment:create_file_with_runtime_dependencies(/home/mogtaba/robotic_workspace/install/industrial_robot_arm/share/colcon-core/packages/industrial_robot_arm)
[8.871s] INFO:colcon.colcon_ros.task.ament_cmake.build:Building ROS package in '/home/mogtaba/robotic_workspace/src/arm_moveit_config' with build type 'ament_cmake'
[8.871s] INFO:colcon.colcon_cmake.task.cmake.build:Building CMake package in '/home/mogtaba/robotic_workspace/src/arm_moveit_config'
[8.962s] INFO:colcon.colcon_core.shell:Skip shell extension 'powershell' for command environment: Not usable outside of PowerShell
[8.962s] DEBUG:colcon.colcon_core.shell:Skip shell extension 'dsv' for command environment
[9.243s] DEBUG:colcon.colcon_core.event_handler.log_command:Invoking command in '/home/mogtaba/robotic_workspace/build/arm_moveit_config': AMENT_PREFIX_PATH=/home/mogtaba/robotic_workspace/install/industrial_robot_arm:/home/mogtaba/robotic_workspace/install/arm_moveit_config:/opt/ros/humble CMAKE_PREFIX_PATH=${CMAKE_PREFIX_PATH}:/home/mogtaba/robotic_workspace/install/industrial_robot_arm:/opt/ros/humble /usr/bin/cmake --build /home/mogtaba/robotic_workspace/build/arm_moveit_config -- -j4 -l4
[9.533s] DEBUG:colcon.colcon_core.event_handler.log_command:Invoked command in '/home/mogtaba/robotic_workspace/build/arm_moveit_config' returned '0': AMENT_PREFIX_PATH=/home/mogtaba/robotic_workspace/install/industrial_robot_arm:/home/mogtaba/robotic_workspace/install/arm_moveit_config:/opt/ros/humble CMAKE_PREFIX_PATH=${CMAKE_PREFIX_PATH}:/home/mogtaba/robotic_workspace/install/industrial_robot_arm:/opt/ros/humble /usr/bin/cmake --build /home/mogtaba/robotic_workspace/build/arm_moveit_config -- -j4 -l4
[9.879s] DEBUG:colcon.colcon_core.event_handler.log_command:Invoking command in '/home/mogtaba/robotic_workspace/build/arm_moveit_config': AMENT_PREFIX_PATH=/home/mogtaba/robotic_workspace/install/industrial_robot_arm:/home/mogtaba/robotic_workspace/install/arm_moveit_config:/opt/ros/humble CMAKE_PREFIX_PATH=${CMAKE_PREFIX_PATH}:/home/mogtaba/robotic_workspace/install/industrial_robot_arm:/opt/ros/humble /usr/bin/cmake --install /home/mogtaba/robotic_workspace/build/arm_moveit_config
[9.993s] Level 1:colcon.colcon_core.environment:create_environment_scripts_only(arm_moveit_config)
[9.994s] DEBUG:colcon.colcon_core.event_handler.log_command:Invoked command in '/home/mogtaba/robotic_workspace/build/arm_moveit_config' returned '0': AMENT_PREFIX_PATH=/home/mogtaba/robotic_workspace/install/industrial_robot_arm:/home/mogtaba/robotic_workspace/install/arm_moveit_config:/opt/ros/humble CMAKE_PREFIX_PATH=${CMAKE_PREFIX_PATH}:/home/mogtaba/robotic_workspace/install/industrial_robot_arm:/opt/ros/humble /usr/bin/cmake --install /home/mogtaba/robotic_workspace/build/arm_moveit_config
[10.094s] Level 1:colcon.colcon_core.environment:checking '/home/mogtaba/robotic_workspace/install/arm_moveit_config' for CMake module files
[10.097s] Level 1:colcon.colcon_core.environment:checking '/home/mogtaba/robotic_workspace/install/arm_moveit_config' for CMake config files
[10.099s] Level 1:colcon.colcon_core.shell:create_environment_hook('arm_moveit_config', 'cmake_prefix_path')
[10.206s] INFO:colcon.colcon_core.shell:Creating environment hook '/home/mogtaba/robotic_workspace/install/arm_moveit_config/share/arm_moveit_config/hook/cmake_prefix_path.ps1'
[10.208s] INFO:colcon.colcon_core.shell:Creating environment descriptor '/home/mogtaba/robotic_workspace/install/arm_moveit_config/share/arm_moveit_config/hook/cmake_prefix_path.dsv'
[10.214s] INFO:colcon.colcon_core.shell:Creating environment hook '/home/mogtaba/robotic_workspace/install/arm_moveit_config/share/arm_moveit_config/hook/cmake_prefix_path.sh'
[10.219s] Level 1:colcon.colcon_core.environment:checking '/home/mogtaba/robotic_workspace/install/arm_moveit_config/bin'
[10.219s] Level 1:colcon.colcon_core.environment:checking '/home/mogtaba/robotic_workspace/install/arm_moveit_config/lib/pkgconfig/arm_moveit_config.pc'
[10.220s] Level 1:colcon.colcon_core.environment:checking '/home/mogtaba/robotic_workspace/install/arm_moveit_config/lib/python3.10/site-packages'
[10.221s] Level 1:colcon.colcon_core.environment:checking '/home/mogtaba/robotic_workspace/install/arm_moveit_config/bin'
[10.300s] INFO:colcon.colcon_core.shell:Creating package script '/home/mogtaba/robotic_workspace/install/arm_moveit_config/share/arm_moveit_config/package.ps1'
[10.301s] INFO:colcon.colcon_core.shell:Creating package descriptor '/home/mogtaba/robotic_workspace/install/arm_moveit_config/share/arm_moveit_config/package.dsv'
[10.304s] INFO:colcon.colcon_core.shell:Creating package script '/home/mogtaba/robotic_workspace/install/arm_moveit_config/share/arm_moveit_config/package.sh'
[10.306s] INFO:colcon.colcon_core.shell:Creating package script '/home/mogtaba/robotic_workspace/install/arm_moveit_config/share/arm_moveit_config/package.bash'
[10.311s] INFO:colcon.colcon_core.shell:Creating package script '/home/mogtaba/robotic_workspace/install/arm_moveit_config/share/arm_moveit_config/package.zsh'
[10.314s] Level 1:colcon.colcon_core.environment:create_file_with_runtime_dependencies(/home/mogtaba/robotic_workspace/install/arm_moveit_config/share/colcon-core/packages/arm_moveit_config)
[10.565s] Level 1:colcon.colcon_core.environment:create_environment_scripts_only(arm_moveit_config)
[10.626s] Level 1:colcon.colcon_core.environment:checking '/home/mogtaba/robotic_workspace/install/arm_moveit_config' for CMake module files
[10.628s] Level 1:colcon.colcon_core.environment:checking '/home/mogtaba/robotic_workspace/install/arm_moveit_config' for CMake config files
[10.629s] Level 1:colcon.colcon_core.shell:create_environment_hook('arm_moveit_config', 'cmake_prefix_path')
[10.689s] INFO:colcon.colcon_core.shell:Creating environment hook '/home/mogtaba/robotic_workspace/install/arm_moveit_config/share/arm_moveit_config/hook/cmake_prefix_path.ps1'
[10.690s] INFO:colcon.colcon_core.shell:Creating environment descriptor '/home/mogtaba/robotic_workspace/install/arm_moveit_config/share/arm_moveit_config/hook/cmake_prefix_path.dsv'
[10.691s] INFO:colcon.colcon_core.shell:Creating environment hook '/home/mogtaba/robotic_workspace/install/arm_moveit_config/share/arm_moveit_config/hook/cmake_prefix_path.sh'
[10.692s] Level 1:colcon.colcon_core.environment:checking '/home/mogtaba/robotic_workspace/install/arm_moveit_config/bin'
[10.692s] Level 1:colcon.colcon_core.environment:checking '/home/mogtaba/robotic_workspace/install/arm_moveit_config/lib/pkgconfig/arm_moveit_config.pc'
[10.693s] Level 1:colcon.colcon_core.environment:checking '/home/mogtaba/robotic_workspace/install/arm_moveit_config/lib/python3.10/site-packages'
[10.693s] Level 1:colcon.colcon_core.environment:checking '/home/mogtaba/robotic_workspace/install/arm_moveit_config/bin'
[10.765s] INFO:colcon.colcon_core.shell:Creating package script '/home/mogtaba/robotic_workspace/install/arm_moveit_config/share/arm_moveit_config/package.ps1'
[10.766s] INFO:colcon.colcon_core.shell:Creating package descriptor '/home/mogtaba/robotic_workspace/install/arm_moveit_config/share/arm_moveit_config/package.dsv'
[10.767s] INFO:colcon.colcon_core.shell:Creating package script '/home/mogtaba/robotic_workspace/install/arm_moveit_config/share/arm_moveit_config/package.sh'
[10.770s] INFO:colcon.colcon_core.shell:Creating package script '/home/mogtaba/robotic_workspace/install/arm_moveit_config/share/arm_moveit_config/package.bash'
[10.772s] INFO:colcon.colcon_core.shell:Creating package script '/home/mogtaba/robotic_workspace/install/arm_moveit_config/share/arm_moveit_config/package.zsh'
[10.773s] Level 1:colcon.colcon_core.environment:create_file_with_runtime_dependencies(/home/mogtaba/robotic_workspace/install/arm_moveit_config/share/colcon-core/packages/arm_moveit_config)
[10.774s] DEBUG:colcon.colcon_parallel_executor.executor.parallel:closing loop
[10.775s] DEBUG:colcon.colcon_parallel_executor.executor.parallel:loop closed
[10.775s] DEBUG:colcon.colcon_parallel_executor.executor.parallel:run_until_complete finished with '0'
[10.775s] DEBUG:colcon.colcon_core.event_reactor:joining thread
[10.919s] INFO:colcon.colcon_core.plugin_system:Skipping extension 'colcon_notification.desktop_notification.notify_send': Could not find 'notify-send'
[10.920s] INFO:colcon.colcon_core.plugin_system:Skipping extension 'colcon_notification.desktop_notification.terminal_notifier': Not used on non-Darwin systems
[10.920s] INFO:colcon.colcon_core.plugin_system:Skipping extension 'colcon_notification.desktop_notification.win32': Not used on non-Windows systems
[10.920s] INFO:colcon.colcon_notification.desktop_notification:Sending desktop notification using 'notify2'
[10.987s] DEBUG:colcon.colcon_notification.desktop_notification.notify2:Failed to initialize notify2: org.freedesktop.DBus.Error.ServiceUnknown: The name org.freedesktop.Notifications was not provided by any .service files
[10.988s] DEBUG:colcon.colcon_core.event_reactor:joined thread
[11.076s] INFO:colcon.colcon_core.shell:Creating prefix script '/home/mogtaba/robotic_workspace/install/local_setup.ps1'
[11.083s] INFO:colcon.colcon_core.shell:Creating prefix util module '/home/mogtaba/robotic_workspace/install/_local_setup_util_ps1.py'
[11.087s] INFO:colcon.colcon_core.shell:Creating prefix chain script '/home/mogtaba/robotic_workspace/install/setup.ps1'
[11.183s] INFO:colcon.colcon_core.shell:Creating prefix script '/home/mogtaba/robotic_workspace/install/local_setup.sh'
[11.185s] INFO:colcon.colcon_core.shell:Creating prefix util module '/home/mogtaba/robotic_workspace/install/_local_setup_util_sh.py'
[11.187s] INFO:colcon.colcon_core.shell:Creating prefix chain script '/home/mogtaba/robotic_workspace/install/setup.sh'
[11.271s] INFO:colcon.colcon_core.shell:Creating prefix script '/home/mogtaba/robotic_workspace/install/local_setup.bash'
[11.273s] INFO:colcon.colcon_core.shell:Creating prefix chain script '/home/mogtaba/robotic_workspace/install/setup.bash'
[11.350s] INFO:colcon.colcon_core.shell:Creating prefix script '/home/mogtaba/robotic_workspace/install/local_setup.zsh'
[11.351s] INFO:colcon.colcon_core.shell:Creating prefix chain script '/home/mogtaba/robotic_workspace/install/setup.zsh'
