[3.726s] DEBUG:colcon:Command line arguments: ['/usr/bin/colcon', 'build']
[3.726s] DEBUG:colcon:Parsed command line arguments: Namespace(log_base=None, log_level=None, verb_name='build', build_base='build', install_base='install', merge_install=False, symlink_install=False, test_result_base=None, continue_on_error=False, executor='parallel', parallel_workers=4, event_handlers=None, ignore_user_meta=False, metas=['./colcon.meta'], base_paths=['.'], packages_ignore=None, packages_ignore_regex=None, paths=None, packages_up_to=None, packages_up_to_regex=None, packages_above=None, packages_above_and_dependencies=None, packages_above_depth=None, packages_select_by_dep=None, packages_skip_by_dep=None, packages_skip_up_to=None, packages_select_build_failed=False, packages_skip_build_finished=False, packages_select_test_failures=False, packages_skip_test_passed=False, packages_select=None, packages_skip=None, packages_select_regex=None, packages_skip_regex=None, packages_start=None, packages_end=None, allow_overriding=[], cmake_args=None, cmake_target=None, cmake_target_skip_unavailable=False, cmake_clean_cache=False, cmake_clean_first=False, cmake_force_configure=False, ament_cmake_args=None, catkin_cmake_args=None, catkin_skip_building_tests=False, verb_parser=<colcon_defaults.argument_parser.defaults.DefaultArgumentsDecorator object at 0x7feb9a9ec580>, verb_extension=<colcon_core.verb.build.BuildVerb object at 0x7feb9ac76f20>, main=<bound method BuildVerb.main of <colcon_core.verb.build.BuildVerb object at 0x7feb9ac76f20>>)
[3.961s] Level 1:colcon.colcon_core.package_discovery:discover_packages(colcon_meta) check parameters
[3.962s] Level 1:colcon.colcon_core.package_discovery:discover_packages(recursive) check parameters
[3.962s] Level 1:colcon.colcon_core.package_discovery:discover_packages(ignore) check parameters
[3.962s] Level 1:colcon.colcon_core.package_discovery:discover_packages(path) check parameters
[3.962s] Level 1:colcon.colcon_core.package_discovery:discover_packages(colcon_meta) discover
[3.962s] Level 1:colcon.colcon_core.package_discovery:discover_packages(recursive) discover
[3.962s] INFO:colcon.colcon_core.package_discovery:Crawling recursively for packages in '/home/mogtaba/robotic_workspace'
[3.963s] Level 1:colcon.colcon_core.package_identification:_identify(.) by extensions ['ignore', 'ignore_ament_install']
[3.963s] Level 1:colcon.colcon_core.package_identification:_identify(.) by extension 'ignore'
[3.963s] Level 1:colcon.colcon_core.package_identification:_identify(.) by extension 'ignore_ament_install'
[3.964s] Level 1:colcon.colcon_core.package_identification:_identify(.) by extensions ['colcon_pkg']
[3.964s] Level 1:colcon.colcon_core.package_identification:_identify(.) by extension 'colcon_pkg'
[3.964s] Level 1:colcon.colcon_core.package_identification:_identify(.) by extensions ['colcon_meta']
[3.964s] Level 1:colcon.colcon_core.package_identification:_identify(.) by extension 'colcon_meta'
[3.965s] Level 1:colcon.colcon_core.package_identification:_identify(.) by extensions ['ros']
[3.965s] Level 1:colcon.colcon_core.package_identification:_identify(.) by extension 'ros'
[3.999s] Level 1:colcon.colcon_core.package_identification:_identify(.) by extensions ['cmake', 'python']
[3.999s] Level 1:colcon.colcon_core.package_identification:_identify(.) by extension 'cmake'
[3.999s] Level 1:colcon.colcon_core.package_identification:_identify(.) by extension 'python'
[3.999s] Level 1:colcon.colcon_core.package_identification:_identify(.) by extensions ['python_setup_py']
[3.999s] Level 1:colcon.colcon_core.package_identification:_identify(.) by extension 'python_setup_py'
[4.000s] Level 1:colcon.colcon_core.package_identification:_identify(build) by extensions ['ignore', 'ignore_ament_install']
[4.000s] Level 1:colcon.colcon_core.package_identification:_identify(build) by extension 'ignore'
[4.000s] Level 1:colcon.colcon_core.package_identification:_identify(build) ignored
[4.000s] Level 1:colcon.colcon_core.package_identification:_identify(install) by extensions ['ignore', 'ignore_ament_install']
[4.000s] Level 1:colcon.colcon_core.package_identification:_identify(install) by extension 'ignore'
[4.001s] Level 1:colcon.colcon_core.package_identification:_identify(install) ignored
[4.001s] Level 1:colcon.colcon_core.package_identification:_identify(log) by extensions ['ignore', 'ignore_ament_install']
[4.001s] Level 1:colcon.colcon_core.package_identification:_identify(log) by extension 'ignore'
[4.001s] Level 1:colcon.colcon_core.package_identification:_identify(log) ignored
[4.001s] Level 1:colcon.colcon_core.package_identification:_identify(src) by extensions ['ignore', 'ignore_ament_install']
[4.001s] Level 1:colcon.colcon_core.package_identification:_identify(src) by extension 'ignore'
[4.002s] Level 1:colcon.colcon_core.package_identification:_identify(src) by extension 'ignore_ament_install'
[4.002s] Level 1:colcon.colcon_core.package_identification:_identify(src) by extensions ['colcon_pkg']
[4.002s] Level 1:colcon.colcon_core.package_identification:_identify(src) by extension 'colcon_pkg'
[4.002s] Level 1:colcon.colcon_core.package_identification:_identify(src) by extensions ['colcon_meta']
[4.002s] Level 1:colcon.colcon_core.package_identification:_identify(src) by extension 'colcon_meta'
[4.002s] Level 1:colcon.colcon_core.package_identification:_identify(src) by extensions ['ros']
[4.002s] Level 1:colcon.colcon_core.package_identification:_identify(src) by extension 'ros'
[4.002s] Level 1:colcon.colcon_core.package_identification:_identify(src) by extensions ['cmake', 'python']
[4.002s] Level 1:colcon.colcon_core.package_identification:_identify(src) by extension 'cmake'
[4.002s] Level 1:colcon.colcon_core.package_identification:_identify(src) by extension 'python'
[4.003s] Level 1:colcon.colcon_core.package_identification:_identify(src) by extensions ['python_setup_py']
[4.003s] Level 1:colcon.colcon_core.package_identification:_identify(src) by extension 'python_setup_py'
[4.003s] Level 1:colcon.colcon_core.package_identification:_identify(src/arm_moveit_config) by extensions ['ignore', 'ignore_ament_install']
[4.003s] Level 1:colcon.colcon_core.package_identification:_identify(src/arm_moveit_config) by extension 'ignore'
[4.003s] Level 1:colcon.colcon_core.package_identification:_identify(src/arm_moveit_config) by extension 'ignore_ament_install'
[4.004s] Level 1:colcon.colcon_core.package_identification:_identify(src/arm_moveit_config) by extensions ['colcon_pkg']
[4.004s] Level 1:colcon.colcon_core.package_identification:_identify(src/arm_moveit_config) by extension 'colcon_pkg'
[4.004s] Level 1:colcon.colcon_core.package_identification:_identify(src/arm_moveit_config) by extensions ['colcon_meta']
[4.004s] Level 1:colcon.colcon_core.package_identification:_identify(src/arm_moveit_config) by extension 'colcon_meta'
[4.004s] Level 1:colcon.colcon_core.package_identification:_identify(src/arm_moveit_config) by extensions ['ros']
[4.004s] Level 1:colcon.colcon_core.package_identification:_identify(src/arm_moveit_config) by extension 'ros'
[4.010s] DEBUG:colcon.colcon_core.package_identification:Package 'src/arm_moveit_config' with type 'ros.ament_cmake' and name 'arm_moveit_config'
[4.011s] Level 1:colcon.colcon_core.package_identification:_identify(src/industrial_robot_arm) by extensions ['ignore', 'ignore_ament_install']
[4.011s] Level 1:colcon.colcon_core.package_identification:_identify(src/industrial_robot_arm) by extension 'ignore'
[4.011s] Level 1:colcon.colcon_core.package_identification:_identify(src/industrial_robot_arm) by extension 'ignore_ament_install'
[4.011s] Level 1:colcon.colcon_core.package_identification:_identify(src/industrial_robot_arm) by extensions ['colcon_pkg']
[4.011s] Level 1:colcon.colcon_core.package_identification:_identify(src/industrial_robot_arm) by extension 'colcon_pkg'
[4.012s] Level 1:colcon.colcon_core.package_identification:_identify(src/industrial_robot_arm) by extensions ['colcon_meta']
[4.012s] Level 1:colcon.colcon_core.package_identification:_identify(src/industrial_robot_arm) by extension 'colcon_meta'
[4.012s] Level 1:colcon.colcon_core.package_identification:_identify(src/industrial_robot_arm) by extensions ['ros']
[4.012s] Level 1:colcon.colcon_core.package_identification:_identify(src/industrial_robot_arm) by extension 'ros'
[4.013s] DEBUG:colcon.colcon_core.package_identification:Package 'src/industrial_robot_arm' with type 'ros.ament_python' and name 'industrial_robot_arm'
[4.013s] Level 1:colcon.colcon_core.package_discovery:discover_packages(recursive) using defaults
[4.014s] Level 1:colcon.colcon_core.package_discovery:discover_packages(ignore) discover
[4.014s] Level 1:colcon.colcon_core.package_discovery:discover_packages(ignore) using defaults
[4.014s] Level 1:colcon.colcon_core.package_discovery:discover_packages(path) discover
[4.014s] Level 1:colcon.colcon_core.package_discovery:discover_packages(path) using defaults
[4.671s] Level 1:colcon.colcon_core.package_discovery:discover_packages(prefix_path) check parameters
[4.671s] Level 1:colcon.colcon_core.package_discovery:discover_packages(prefix_path) discover
[4.838s] DEBUG:colcon.colcon_installed_package_information.package_discovery:Found 2 installed packages in /home/mogtaba/robotic_workspace/install
[4.898s] DEBUG:colcon.colcon_installed_package_information.package_discovery:Found 335 installed packages in /opt/ros/humble
[4.899s] Level 1:colcon.colcon_core.package_discovery:discover_packages(prefix_path) using defaults
[5.312s] Level 5:colcon.colcon_core.verb:set package 'industrial_robot_arm' build argument 'cmake_args' from command line to 'None'
[5.312s] Level 5:colcon.colcon_core.verb:set package 'industrial_robot_arm' build argument 'cmake_target' from command line to 'None'
[5.312s] Level 5:colcon.colcon_core.verb:set package 'industrial_robot_arm' build argument 'cmake_target_skip_unavailable' from command line to 'False'
[5.312s] Level 5:colcon.colcon_core.verb:set package 'industrial_robot_arm' build argument 'cmake_clean_cache' from command line to 'False'
[5.312s] Level 5:colcon.colcon_core.verb:set package 'industrial_robot_arm' build argument 'cmake_clean_first' from command line to 'False'
[5.312s] Level 5:colcon.colcon_core.verb:set package 'industrial_robot_arm' build argument 'cmake_force_configure' from command line to 'False'
[5.312s] Level 5:colcon.colcon_core.verb:set package 'industrial_robot_arm' build argument 'ament_cmake_args' from command line to 'None'
[5.312s] Level 5:colcon.colcon_core.verb:set package 'industrial_robot_arm' build argument 'catkin_cmake_args' from command line to 'None'
[5.312s] Level 5:colcon.colcon_core.verb:set package 'industrial_robot_arm' build argument 'catkin_skip_building_tests' from command line to 'False'
[5.313s] DEBUG:colcon.colcon_core.verb:Building package 'industrial_robot_arm' with the following arguments: {'ament_cmake_args': None, 'build_base': '/home/mogtaba/robotic_workspace/build/industrial_robot_arm', 'catkin_cmake_args': None, 'catkin_skip_building_tests': False, 'cmake_args': None, 'cmake_clean_cache': False, 'cmake_clean_first': False, 'cmake_force_configure': False, 'cmake_target': None, 'cmake_target_skip_unavailable': False, 'install_base': '/home/mogtaba/robotic_workspace/install/industrial_robot_arm', 'merge_install': False, 'path': '/home/mogtaba/robotic_workspace/src/industrial_robot_arm', 'symlink_install': False, 'test_result_base': None}
[5.365s] Level 5:colcon.colcon_core.verb:set package 'arm_moveit_config' build argument 'cmake_args' from command line to 'None'
[5.365s] Level 5:colcon.colcon_core.verb:set package 'arm_moveit_config' build argument 'cmake_target' from command line to 'None'
[5.365s] Level 5:colcon.colcon_core.verb:set package 'arm_moveit_config' build argument 'cmake_target_skip_unavailable' from command line to 'False'
[5.365s] Level 5:colcon.colcon_core.verb:set package 'arm_moveit_config' build argument 'cmake_clean_cache' from command line to 'False'
[5.365s] Level 5:colcon.colcon_core.verb:set package 'arm_moveit_config' build argument 'cmake_clean_first' from command line to 'False'
[5.365s] Level 5:colcon.colcon_core.verb:set package 'arm_moveit_config' build argument 'cmake_force_configure' from command line to 'False'
[5.365s] Level 5:colcon.colcon_core.verb:set package 'arm_moveit_config' build argument 'ament_cmake_args' from command line to 'None'
[5.365s] Level 5:colcon.colcon_core.verb:set package 'arm_moveit_config' build argument 'catkin_cmake_args' from command line to 'None'
[5.365s] Level 5:colcon.colcon_core.verb:set package 'arm_moveit_config' build argument 'catkin_skip_building_tests' from command line to 'False'
[5.365s] DEBUG:colcon.colcon_core.verb:Building package 'arm_moveit_config' with the following arguments: {'ament_cmake_args': None, 'build_base': '/home/mogtaba/robotic_workspace/build/arm_moveit_config', 'catkin_cmake_args': None, 'catkin_skip_building_tests': False, 'cmake_args': None, 'cmake_clean_cache': False, 'cmake_clean_first': False, 'cmake_force_configure': False, 'cmake_target': None, 'cmake_target_skip_unavailable': False, 'install_base': '/home/mogtaba/robotic_workspace/install/arm_moveit_config', 'merge_install': False, 'path': '/home/mogtaba/robotic_workspace/src/arm_moveit_config', 'symlink_install': False, 'test_result_base': None}
[5.412s] INFO:colcon.colcon_core.executor:Executing jobs using 'parallel' executor
[5.466s] DEBUG:colcon.colcon_parallel_executor.executor.parallel:run_until_complete
[5.466s] INFO:colcon.colcon_ros.task.ament_python.build:Building ROS package in '/home/mogtaba/robotic_workspace/src/industrial_robot_arm' with build type 'ament_python'
[5.467s] Level 1:colcon.colcon_core.shell:create_environment_hook('industrial_robot_arm', 'ament_prefix_path')
[5.536s] INFO:colcon.colcon_core.plugin_system:Skipping extension 'colcon_core.shell.bat': Not used on non-Windows systems
[5.537s] INFO:colcon.colcon_core.shell:Creating environment hook '/home/mogtaba/robotic_workspace/install/industrial_robot_arm/share/industrial_robot_arm/hook/ament_prefix_path.ps1'
[5.540s] INFO:colcon.colcon_core.shell:Creating environment descriptor '/home/mogtaba/robotic_workspace/install/industrial_robot_arm/share/industrial_robot_arm/hook/ament_prefix_path.dsv'
[5.541s] INFO:colcon.colcon_core.shell:Creating environment hook '/home/mogtaba/robotic_workspace/install/industrial_robot_arm/share/industrial_robot_arm/hook/ament_prefix_path.sh'
[5.599s] INFO:colcon.colcon_core.shell:Skip shell extension 'powershell' for command environment: Not usable outside of PowerShell
[5.599s] DEBUG:colcon.colcon_core.shell:Skip shell extension 'dsv' for command environment
[6.834s] INFO:colcon.colcon_core.task.python.build:Building Python package in '/home/mogtaba/robotic_workspace/src/industrial_robot_arm'
[6.886s] INFO:colcon.colcon_core.shell:Skip shell extension 'powershell' for command environment: Not usable outside of PowerShell
[6.886s] DEBUG:colcon.colcon_core.shell:Skip shell extension 'dsv' for command environment
[8.553s] DEBUG:colcon.colcon_core.event_handler.log_command:Invoking command in '/home/mogtaba/robotic_workspace/src/industrial_robot_arm': PYTHONPATH=/home/mogtaba/robotic_workspace/build/industrial_robot_arm/prefix_override:/home/mogtaba/robotic_workspace/install/industrial_robot_arm/lib/python3.10/site-packages:${PYTHONPATH} /usr/bin/python3 setup.py egg_info --egg-base ../../build/industrial_robot_arm build --build-base /home/mogtaba/robotic_workspace/build/industrial_robot_arm/build install --record /home/mogtaba/robotic_workspace/build/industrial_robot_arm/install.log --single-version-externally-managed
[9.546s] DEBUG:colcon.colcon_core.event_handler.log_command:Invoked command in '/home/mogtaba/robotic_workspace/src/industrial_robot_arm' returned '0': PYTHONPATH=/home/mogtaba/robotic_workspace/build/industrial_robot_arm/prefix_override:/home/mogtaba/robotic_workspace/install/industrial_robot_arm/lib/python3.10/site-packages:${PYTHONPATH} /usr/bin/python3 setup.py egg_info --egg-base ../../build/industrial_robot_arm build --build-base /home/mogtaba/robotic_workspace/build/industrial_robot_arm/build install --record /home/mogtaba/robotic_workspace/build/industrial_robot_arm/install.log --single-version-externally-managed
[9.632s] Level 1:colcon.colcon_core.environment:checking '/home/mogtaba/robotic_workspace/install/industrial_robot_arm' for CMake module files
[9.634s] Level 1:colcon.colcon_core.environment:checking '/home/mogtaba/robotic_workspace/install/industrial_robot_arm' for CMake config files
[9.638s] Level 1:colcon.colcon_core.environment:checking '/home/mogtaba/robotic_workspace/install/industrial_robot_arm/lib'
[9.639s] Level 1:colcon.colcon_core.environment:checking '/home/mogtaba/robotic_workspace/install/industrial_robot_arm/bin'
[9.639s] Level 1:colcon.colcon_core.environment:checking '/home/mogtaba/robotic_workspace/install/industrial_robot_arm/lib/pkgconfig/industrial_robot_arm.pc'
[9.639s] Level 1:colcon.colcon_core.environment:checking '/home/mogtaba/robotic_workspace/install/industrial_robot_arm/lib/python3.10/site-packages'
[9.639s] Level 1:colcon.colcon_core.shell:create_environment_hook('industrial_robot_arm', 'pythonpath')
[9.706s] INFO:colcon.colcon_core.shell:Creating environment hook '/home/mogtaba/robotic_workspace/install/industrial_robot_arm/share/industrial_robot_arm/hook/pythonpath.ps1'
[9.708s] INFO:colcon.colcon_core.shell:Creating environment descriptor '/home/mogtaba/robotic_workspace/install/industrial_robot_arm/share/industrial_robot_arm/hook/pythonpath.dsv'
[9.709s] INFO:colcon.colcon_core.shell:Creating environment hook '/home/mogtaba/robotic_workspace/install/industrial_robot_arm/share/industrial_robot_arm/hook/pythonpath.sh'
[9.711s] Level 1:colcon.colcon_core.environment:checking '/home/mogtaba/robotic_workspace/install/industrial_robot_arm/bin'
[9.712s] Level 1:colcon.colcon_core.environment:create_environment_scripts_only(industrial_robot_arm)
[9.781s] INFO:colcon.colcon_core.shell:Creating package script '/home/mogtaba/robotic_workspace/install/industrial_robot_arm/share/industrial_robot_arm/package.ps1'
[9.784s] INFO:colcon.colcon_core.shell:Creating package descriptor '/home/mogtaba/robotic_workspace/install/industrial_robot_arm/share/industrial_robot_arm/package.dsv'
[9.786s] INFO:colcon.colcon_core.shell:Creating package script '/home/mogtaba/robotic_workspace/install/industrial_robot_arm/share/industrial_robot_arm/package.sh'
[9.793s] INFO:colcon.colcon_core.shell:Creating package script '/home/mogtaba/robotic_workspace/install/industrial_robot_arm/share/industrial_robot_arm/package.bash'
[9.798s] INFO:colcon.colcon_core.shell:Creating package script '/home/mogtaba/robotic_workspace/install/industrial_robot_arm/share/industrial_robot_arm/package.zsh'
[9.805s] Level 1:colcon.colcon_core.environment:create_file_with_runtime_dependencies(/home/mogtaba/robotic_workspace/install/industrial_robot_arm/share/colcon-core/packages/industrial_robot_arm)
[9.807s] INFO:colcon.colcon_ros.task.ament_cmake.build:Building ROS package in '/home/mogtaba/robotic_workspace/src/arm_moveit_config' with build type 'ament_cmake'
[9.808s] INFO:colcon.colcon_cmake.task.cmake.build:Building CMake package in '/home/mogtaba/robotic_workspace/src/arm_moveit_config'
[9.935s] INFO:colcon.colcon_core.shell:Skip shell extension 'powershell' for command environment: Not usable outside of PowerShell
[9.936s] DEBUG:colcon.colcon_core.shell:Skip shell extension 'dsv' for command environment
[10.264s] DEBUG:colcon.colcon_core.event_handler.log_command:Invoking command in '/home/mogtaba/robotic_workspace/build/arm_moveit_config': AMENT_PREFIX_PATH=/home/mogtaba/robotic_workspace/install/industrial_robot_arm:/home/mogtaba/robotic_workspace/install/arm_moveit_config:/opt/ros/humble CMAKE_PREFIX_PATH=${CMAKE_PREFIX_PATH}:/home/mogtaba/robotic_workspace/install/industrial_robot_arm:/opt/ros/humble /usr/bin/cmake --build /home/mogtaba/robotic_workspace/build/arm_moveit_config -- -j4 -l4
[10.649s] DEBUG:colcon.colcon_core.event_handler.log_command:Invoked command in '/home/mogtaba/robotic_workspace/build/arm_moveit_config' returned '0': AMENT_PREFIX_PATH=/home/mogtaba/robotic_workspace/install/industrial_robot_arm:/home/mogtaba/robotic_workspace/install/arm_moveit_config:/opt/ros/humble CMAKE_PREFIX_PATH=${CMAKE_PREFIX_PATH}:/home/mogtaba/robotic_workspace/install/industrial_robot_arm:/opt/ros/humble /usr/bin/cmake --build /home/mogtaba/robotic_workspace/build/arm_moveit_config -- -j4 -l4
[10.889s] DEBUG:colcon.colcon_core.event_handler.log_command:Invoking command in '/home/mogtaba/robotic_workspace/build/arm_moveit_config': AMENT_PREFIX_PATH=/home/mogtaba/robotic_workspace/install/industrial_robot_arm:/home/mogtaba/robotic_workspace/install/arm_moveit_config:/opt/ros/humble CMAKE_PREFIX_PATH=${CMAKE_PREFIX_PATH}:/home/mogtaba/robotic_workspace/install/industrial_robot_arm:/opt/ros/humble /usr/bin/cmake --install /home/mogtaba/robotic_workspace/build/arm_moveit_config
[11.034s] Level 1:colcon.colcon_core.environment:create_environment_scripts_only(arm_moveit_config)
[11.035s] DEBUG:colcon.colcon_core.event_handler.log_command:Invoked command in '/home/mogtaba/robotic_workspace/build/arm_moveit_config' returned '0': AMENT_PREFIX_PATH=/home/mogtaba/robotic_workspace/install/industrial_robot_arm:/home/mogtaba/robotic_workspace/install/arm_moveit_config:/opt/ros/humble CMAKE_PREFIX_PATH=${CMAKE_PREFIX_PATH}:/home/mogtaba/robotic_workspace/install/industrial_robot_arm:/opt/ros/humble /usr/bin/cmake --install /home/mogtaba/robotic_workspace/build/arm_moveit_config
[11.220s] Level 1:colcon.colcon_core.environment:checking '/home/mogtaba/robotic_workspace/install/arm_moveit_config' for CMake module files
[11.241s] Level 1:colcon.colcon_core.environment:checking '/home/mogtaba/robotic_workspace/install/arm_moveit_config' for CMake config files
[11.243s] Level 1:colcon.colcon_core.shell:create_environment_hook('arm_moveit_config', 'cmake_prefix_path')
[11.356s] INFO:colcon.colcon_core.shell:Creating environment hook '/home/mogtaba/robotic_workspace/install/arm_moveit_config/share/arm_moveit_config/hook/cmake_prefix_path.ps1'
[11.362s] INFO:colcon.colcon_core.shell:Creating environment descriptor '/home/mogtaba/robotic_workspace/install/arm_moveit_config/share/arm_moveit_config/hook/cmake_prefix_path.dsv'
[11.364s] INFO:colcon.colcon_core.shell:Creating environment hook '/home/mogtaba/robotic_workspace/install/arm_moveit_config/share/arm_moveit_config/hook/cmake_prefix_path.sh'
[11.366s] Level 1:colcon.colcon_core.environment:checking '/home/mogtaba/robotic_workspace/install/arm_moveit_config/bin'
[11.366s] Level 1:colcon.colcon_core.environment:checking '/home/mogtaba/robotic_workspace/install/arm_moveit_config/lib/pkgconfig/arm_moveit_config.pc'
[11.367s] Level 1:colcon.colcon_core.environment:checking '/home/mogtaba/robotic_workspace/install/arm_moveit_config/lib/python3.10/site-packages'
[11.369s] Level 1:colcon.colcon_core.environment:checking '/home/mogtaba/robotic_workspace/install/arm_moveit_config/bin'
[11.479s] INFO:colcon.colcon_core.shell:Creating package script '/home/mogtaba/robotic_workspace/install/arm_moveit_config/share/arm_moveit_config/package.ps1'
[11.481s] INFO:colcon.colcon_core.shell:Creating package descriptor '/home/mogtaba/robotic_workspace/install/arm_moveit_config/share/arm_moveit_config/package.dsv'
[11.511s] INFO:colcon.colcon_core.shell:Creating package script '/home/mogtaba/robotic_workspace/install/arm_moveit_config/share/arm_moveit_config/package.sh'
[11.513s] INFO:colcon.colcon_core.shell:Creating package script '/home/mogtaba/robotic_workspace/install/arm_moveit_config/share/arm_moveit_config/package.bash'
[11.531s] INFO:colcon.colcon_core.shell:Creating package script '/home/mogtaba/robotic_workspace/install/arm_moveit_config/share/arm_moveit_config/package.zsh'
[11.539s] Level 1:colcon.colcon_core.environment:create_file_with_runtime_dependencies(/home/mogtaba/robotic_workspace/install/arm_moveit_config/share/colcon-core/packages/arm_moveit_config)
[17.947s] Level 1:colcon.colcon_core.environment:create_environment_scripts_only(arm_moveit_config)
[18.273s] Level 1:colcon.colcon_core.environment:checking '/home/mogtaba/robotic_workspace/install/arm_moveit_config' for CMake module files
[18.277s] Level 1:colcon.colcon_core.environment:checking '/home/mogtaba/robotic_workspace/install/arm_moveit_config' for CMake config files
[18.280s] Level 1:colcon.colcon_core.shell:create_environment_hook('arm_moveit_config', 'cmake_prefix_path')
[18.541s] INFO:colcon.colcon_core.shell:Creating environment hook '/home/mogtaba/robotic_workspace/install/arm_moveit_config/share/arm_moveit_config/hook/cmake_prefix_path.ps1'
[18.553s] INFO:colcon.colcon_core.shell:Creating environment descriptor '/home/mogtaba/robotic_workspace/install/arm_moveit_config/share/arm_moveit_config/hook/cmake_prefix_path.dsv'
[18.561s] INFO:colcon.colcon_core.shell:Creating environment hook '/home/mogtaba/robotic_workspace/install/arm_moveit_config/share/arm_moveit_config/hook/cmake_prefix_path.sh'
[18.565s] Level 1:colcon.colcon_core.environment:checking '/home/mogtaba/robotic_workspace/install/arm_moveit_config/bin'
[18.566s] Level 1:colcon.colcon_core.environment:checking '/home/mogtaba/robotic_workspace/install/arm_moveit_config/lib/pkgconfig/arm_moveit_config.pc'
[18.568s] Level 1:colcon.colcon_core.environment:checking '/home/mogtaba/robotic_workspace/install/arm_moveit_config/lib/python3.10/site-packages'
[18.569s] Level 1:colcon.colcon_core.environment:checking '/home/mogtaba/robotic_workspace/install/arm_moveit_config/bin'
[18.824s] INFO:colcon.colcon_core.shell:Creating package script '/home/mogtaba/robotic_workspace/install/arm_moveit_config/share/arm_moveit_config/package.ps1'
[18.828s] INFO:colcon.colcon_core.shell:Creating package descriptor '/home/mogtaba/robotic_workspace/install/arm_moveit_config/share/arm_moveit_config/package.dsv'
[18.832s] INFO:colcon.colcon_core.shell:Creating package script '/home/mogtaba/robotic_workspace/install/arm_moveit_config/share/arm_moveit_config/package.sh'
[18.840s] INFO:colcon.colcon_core.shell:Creating package script '/home/mogtaba/robotic_workspace/install/arm_moveit_config/share/arm_moveit_config/package.bash'
[18.863s] INFO:colcon.colcon_core.shell:Creating package script '/home/mogtaba/robotic_workspace/install/arm_moveit_config/share/arm_moveit_config/package.zsh'
[18.864s] Level 1:colcon.colcon_core.environment:create_file_with_runtime_dependencies(/home/mogtaba/robotic_workspace/install/arm_moveit_config/share/colcon-core/packages/arm_moveit_config)
[18.931s] DEBUG:colcon.colcon_parallel_executor.executor.parallel:closing loop
[18.931s] DEBUG:colcon.colcon_parallel_executor.executor.parallel:loop closed
[18.932s] DEBUG:colcon.colcon_parallel_executor.executor.parallel:run_until_complete finished with '0'
[18.932s] DEBUG:colcon.colcon_core.event_reactor:joining thread
[19.238s] INFO:colcon.colcon_core.plugin_system:Skipping extension 'colcon_notification.desktop_notification.notify_send': Could not find 'notify-send'
[19.238s] INFO:colcon.colcon_core.plugin_system:Skipping extension 'colcon_notification.desktop_notification.terminal_notifier': Not used on non-Darwin systems
[19.239s] INFO:colcon.colcon_core.plugin_system:Skipping extension 'colcon_notification.desktop_notification.win32': Not used on non-Windows systems
[19.239s] INFO:colcon.colcon_notification.desktop_notification:Sending desktop notification using 'notify2'
[19.385s] DEBUG:colcon.colcon_notification.desktop_notification.notify2:Failed to initialize notify2: org.freedesktop.DBus.Error.ServiceUnknown: The name org.freedesktop.Notifications was not provided by any .service files
[19.392s] DEBUG:colcon.colcon_core.event_reactor:joined thread
[19.643s] INFO:colcon.colcon_core.shell:Creating prefix script '/home/mogtaba/robotic_workspace/install/local_setup.ps1'
[19.649s] INFO:colcon.colcon_core.shell:Creating prefix util module '/home/mogtaba/robotic_workspace/install/_local_setup_util_ps1.py'
[19.657s] INFO:colcon.colcon_core.shell:Creating prefix chain script '/home/mogtaba/robotic_workspace/install/setup.ps1'
[19.881s] INFO:colcon.colcon_core.shell:Creating prefix script '/home/mogtaba/robotic_workspace/install/local_setup.sh'
[19.885s] INFO:colcon.colcon_core.shell:Creating prefix util module '/home/mogtaba/robotic_workspace/install/_local_setup_util_sh.py'
[19.888s] INFO:colcon.colcon_core.shell:Creating prefix chain script '/home/mogtaba/robotic_workspace/install/setup.sh'
[20.200s] INFO:colcon.colcon_core.shell:Creating prefix script '/home/mogtaba/robotic_workspace/install/local_setup.bash'
[20.207s] INFO:colcon.colcon_core.shell:Creating prefix chain script '/home/mogtaba/robotic_workspace/install/setup.bash'
[20.456s] INFO:colcon.colcon_core.shell:Creating prefix script '/home/mogtaba/robotic_workspace/install/local_setup.zsh'
[20.511s] INFO:colcon.colcon_core.shell:Creating prefix chain script '/home/mogtaba/robotic_workspace/install/setup.zsh'
