[2.266s] Invoking command in '/home/mogtaba/robotic_workspace/src/industrial_robot_arm': PYTHONPATH=/home/mogtaba/robotic_workspace/build/industrial_robot_arm/prefix_override:/home/mogtaba/robotic_workspace/install/industrial_robot_arm/lib/python3.10/site-packages:${PYTHONPATH} /usr/bin/python3 setup.py egg_info --egg-base ../../build/industrial_robot_arm build --build-base /home/mogtaba/robotic_workspace/build/industrial_robot_arm/build install --record /home/mogtaba/robotic_workspace/build/industrial_robot_arm/install.log --single-version-externally-managed
[2.939s] running egg_info
[2.940s] writing ../../build/industrial_robot_arm/industrial_robot_arm.egg-info/PKG-INFO
[2.940s] writing dependency_links to ../../build/industrial_robot_arm/industrial_robot_arm.egg-info/dependency_links.txt
[2.941s] writing entry points to ../../build/industrial_robot_arm/industrial_robot_arm.egg-info/entry_points.txt
[2.942s] writing requirements to ../../build/industrial_robot_arm/industrial_robot_arm.egg-info/requires.txt
[2.945s] writing top-level names to ../../build/industrial_robot_arm/industrial_robot_arm.egg-info/top_level.txt
[2.951s] reading manifest file '../../build/industrial_robot_arm/industrial_robot_arm.egg-info/SOURCES.txt'
[2.954s] writing manifest file '../../build/industrial_robot_arm/industrial_robot_arm.egg-info/SOURCES.txt'
[2.955s] running build
[2.955s] running build_py
[2.956s] running install
[2.957s] running install_lib
[2.959s] running install_data
[2.961s] copying meshes/base_link.stl -> /home/mogtaba/robotic_workspace/install/industrial_robot_arm/share/industrial_robot_arm/meshes
[2.965s] copying meshes/gripper_1.stl -> /home/mogtaba/robotic_workspace/install/industrial_robot_arm/share/industrial_robot_arm/meshes
[2.967s] copying meshes/link1_1.stl -> /home/mogtaba/robotic_workspace/install/industrial_robot_arm/share/industrial_robot_arm/meshes
[2.969s] copying meshes/link2l_1.stl -> /home/mogtaba/robotic_workspace/install/industrial_robot_arm/share/industrial_robot_arm/meshes
[2.971s] copying meshes/link2r_1.stl -> /home/mogtaba/robotic_workspace/install/industrial_robot_arm/share/industrial_robot_arm/meshes
[2.973s] copying meshes/link3_1.stl -> /home/mogtaba/robotic_workspace/install/industrial_robot_arm/share/industrial_robot_arm/meshes
[2.976s] copying meshes/link4a_1.stl -> /home/mogtaba/robotic_workspace/install/industrial_robot_arm/share/industrial_robot_arm/meshes
[2.982s] copying meshes/link4b_1.stl -> /home/mogtaba/robotic_workspace/install/industrial_robot_arm/share/industrial_robot_arm/meshes
[2.985s] copying meshes/link5_1.stl -> /home/mogtaba/robotic_workspace/install/industrial_robot_arm/share/industrial_robot_arm/meshes
[2.989s] running install_egg_info
[2.995s] removing '/home/mogtaba/robotic_workspace/install/industrial_robot_arm/lib/python3.10/site-packages/industrial_robot_arm-0.0.0-py3.10.egg-info' (and everything under it)
[3.002s] Copying ../../build/industrial_robot_arm/industrial_robot_arm.egg-info to /home/mogtaba/robotic_workspace/install/industrial_robot_arm/lib/python3.10/site-packages/industrial_robot_arm-0.0.0-py3.10.egg-info
[3.020s] running install_scripts
[3.071s] Installing trajectory_msg script to /home/mogtaba/robotic_workspace/install/industrial_robot_arm/lib/industrial_robot_arm
[3.072s] writing list of installed files to '/home/mogtaba/robotic_workspace/build/industrial_robot_arm/install.log'
[3.121s] Invoked command in '/home/mogtaba/robotic_workspace/src/industrial_robot_arm' returned '0': PYTHONPATH=/home/mogtaba/robotic_workspace/build/industrial_robot_arm/prefix_override:/home/mogtaba/robotic_workspace/install/industrial_robot_arm/lib/python3.10/site-packages:${PYTHONPATH} /usr/bin/python3 setup.py egg_info --egg-base ../../build/industrial_robot_arm build --build-base /home/mogtaba/robotic_workspace/build/industrial_robot_arm/build install --record /home/mogtaba/robotic_workspace/build/industrial_robot_arm/install.log --single-version-externally-managed
