running egg_info
creating ../../build/industrial_robot_arm/industrial_robot_arm.egg-info
writing ../../build/industrial_robot_arm/industrial_robot_arm.egg-info/PKG-INFO
writing dependency_links to ../../build/industrial_robot_arm/industrial_robot_arm.egg-info/dependency_links.txt
writing entry points to ../../build/industrial_robot_arm/industrial_robot_arm.egg-info/entry_points.txt
writing requirements to ../../build/industrial_robot_arm/industrial_robot_arm.egg-info/requires.txt
writing top-level names to ../../build/industrial_robot_arm/industrial_robot_arm.egg-info/top_level.txt
writing manifest file '../../build/industrial_robot_arm/industrial_robot_arm.egg-info/SOURCES.txt'
reading manifest file '../../build/industrial_robot_arm/industrial_robot_arm.egg-info/SOURCES.txt'
writing manifest file '../../build/industrial_robot_arm/industrial_robot_arm.egg-info/SOURCES.txt'
running build
running build_py
creating /home/mogtaba/robotic_workspace/build/industrial_robot_arm/build
creating /home/mogtaba/robotic_workspace/build/industrial_robot_arm/build/lib
creating /home/mogtaba/robotic_workspace/build/industrial_robot_arm/build/lib/industrial_robot_arm
copying industrial_robot_arm/controller_test.py -> /home/mogtaba/robotic_workspace/build/industrial_robot_arm/build/lib/industrial_robot_arm
copying industrial_robot_arm/__init__.py -> /home/mogtaba/robotic_workspace/build/industrial_robot_arm/build/lib/industrial_robot_arm
running install
running install_lib
creating /home/mogtaba/robotic_workspace/install/industrial_robot_arm/lib/python3.10/site-packages/industrial_robot_arm
copying /home/mogtaba/robotic_workspace/build/industrial_robot_arm/build/lib/industrial_robot_arm/controller_test.py -> /home/mogtaba/robotic_workspace/install/industrial_robot_arm/lib/python3.10/site-packages/industrial_robot_arm
copying /home/mogtaba/robotic_workspace/build/industrial_robot_arm/build/lib/industrial_robot_arm/__init__.py -> /home/mogtaba/robotic_workspace/install/industrial_robot_arm/lib/python3.10/site-packages/industrial_robot_arm
byte-compiling /home/mogtaba/robotic_workspace/install/industrial_robot_arm/lib/python3.10/site-packages/industrial_robot_arm/controller_test.py to controller_test.cpython-310.pyc
byte-compiling /home/mogtaba/robotic_workspace/install/industrial_robot_arm/lib/python3.10/site-packages/industrial_robot_arm/__init__.py to __init__.cpython-310.pyc
running install_data
creating /home/mogtaba/robotic_workspace/install/industrial_robot_arm/share/ament_index
creating /home/mogtaba/robotic_workspace/install/industrial_robot_arm/share/ament_index/resource_index
creating /home/mogtaba/robotic_workspace/install/industrial_robot_arm/share/ament_index/resource_index/packages
copying resource/industrial_robot_arm -> /home/mogtaba/robotic_workspace/install/industrial_robot_arm/share/ament_index/resource_index/packages
copying package.xml -> /home/mogtaba/robotic_workspace/install/industrial_robot_arm/share/industrial_robot_arm
creating /home/mogtaba/robotic_workspace/install/industrial_robot_arm/share/industrial_robot_arm/launch
copying launch/controller.launch.py -> /home/mogtaba/robotic_workspace/install/industrial_robot_arm/share/industrial_robot_arm/launch
copying launch/gazebo.launch.py -> /home/mogtaba/robotic_workspace/install/industrial_robot_arm/share/industrial_robot_arm/launch
copying launch/rsp.launch.py -> /home/mogtaba/robotic_workspace/install/industrial_robot_arm/share/industrial_robot_arm/launch
copying launch/rviz.launch.py -> /home/mogtaba/robotic_workspace/install/industrial_robot_arm/share/industrial_robot_arm/launch
creating /home/mogtaba/robotic_workspace/install/industrial_robot_arm/share/industrial_robot_arm/urdf
copying urdf/industrial_robot_arm.urdf -> /home/mogtaba/robotic_workspace/install/industrial_robot_arm/share/industrial_robot_arm/urdf
copying urdf/industrial_robot_arm.xacro -> /home/mogtaba/robotic_workspace/install/industrial_robot_arm/share/industrial_robot_arm/urdf
copying urdf/industrial_robot_arm.xacro.urdf -> /home/mogtaba/robotic_workspace/install/industrial_robot_arm/share/industrial_robot_arm/urdf
copying urdf/industrial_robot_arm_moveit.xacro.urdf -> /home/mogtaba/robotic_workspace/install/industrial_robot_arm/share/industrial_robot_arm/urdf
creating /home/mogtaba/robotic_workspace/install/industrial_robot_arm/share/industrial_robot_arm/meshes
copying meshes/base_link.stl -> /home/mogtaba/robotic_workspace/install/industrial_robot_arm/share/industrial_robot_arm/meshes
copying meshes/gloc_v1_1.stl -> /home/mogtaba/robotic_workspace/install/industrial_robot_arm/share/industrial_robot_arm/meshes
copying meshes/joint_1_1.stl -> /home/mogtaba/robotic_workspace/install/industrial_robot_arm/share/industrial_robot_arm/meshes
copying meshes/joint_2_LEFT_1.stl -> /home/mogtaba/robotic_workspace/install/industrial_robot_arm/share/industrial_robot_arm/meshes
copying meshes/joint_2_RIGHT_1.stl -> /home/mogtaba/robotic_workspace/install/industrial_robot_arm/share/industrial_robot_arm/meshes
copying meshes/joint_3_1.stl -> /home/mogtaba/robotic_workspace/install/industrial_robot_arm/share/industrial_robot_arm/meshes
copying meshes/joint_4_1.stl -> /home/mogtaba/robotic_workspace/install/industrial_robot_arm/share/industrial_robot_arm/meshes
copying meshes/joint_5_6_1.stl -> /home/mogtaba/robotic_workspace/install/industrial_robot_arm/share/industrial_robot_arm/meshes
copying meshes/link_j4_j5_1.stl -> /home/mogtaba/robotic_workspace/install/industrial_robot_arm/share/industrial_robot_arm/meshes
creating /home/mogtaba/robotic_workspace/install/industrial_robot_arm/share/industrial_robot_arm/config
copying config/jtc.yaml -> /home/mogtaba/robotic_workspace/install/industrial_robot_arm/share/industrial_robot_arm/config
running install_egg_info
Copying ../../build/industrial_robot_arm/industrial_robot_arm.egg-info to /home/mogtaba/robotic_workspace/install/industrial_robot_arm/lib/python3.10/site-packages/industrial_robot_arm-0.0.0-py3.10.egg-info
running install_scripts
Installing trajectory_msg script to /home/mogtaba/robotic_workspace/install/industrial_robot_arm/lib/industrial_robot_arm
writing list of installed files to '/home/mogtaba/robotic_workspace/build/industrial_robot_arm/install.log'
