[3.075s] Invoking command in '/home/mogtaba/robotic_workspace/src/industrial_robot_arm': PYTHONPATH=/home/mogtaba/robotic_workspace/build/industrial_robot_arm/prefix_override:/home/mogtaba/robotic_workspace/install/industrial_robot_arm/lib/python3.10/site-packages:${PYTHONPATH} WSLENV=ELECTRON_RUN_AS_NODE/w:WT_SESSION::WT_PROFILE_ID /usr/bin/python3 setup.py egg_info --egg-base ../../build/industrial_robot_arm build --build-base /home/mogtaba/robotic_workspace/build/industrial_robot_arm/build install --record /home/mogtaba/robotic_workspace/build/industrial_robot_arm/install.log --single-version-externally-managed
[3.687s] running egg_info
[3.688s] creating ../../build/industrial_robot_arm/industrial_robot_arm.egg-info
[3.689s] writing ../../build/industrial_robot_arm/industrial_robot_arm.egg-info/PKG-INFO
[3.692s] writing dependency_links to ../../build/industrial_robot_arm/industrial_robot_arm.egg-info/dependency_links.txt
[3.693s] writing entry points to ../../build/industrial_robot_arm/industrial_robot_arm.egg-info/entry_points.txt
[3.795s] writing requirements to ../../build/industrial_robot_arm/industrial_robot_arm.egg-info/requires.txt
[3.796s] writing top-level names to ../../build/industrial_robot_arm/industrial_robot_arm.egg-info/top_level.txt
[3.796s] writing manifest file '../../build/industrial_robot_arm/industrial_robot_arm.egg-info/SOURCES.txt'
[3.796s] reading manifest file '../../build/industrial_robot_arm/industrial_robot_arm.egg-info/SOURCES.txt'
[3.797s] writing manifest file '../../build/industrial_robot_arm/industrial_robot_arm.egg-info/SOURCES.txt'
[3.797s] running build
[3.797s] running build_py
[3.797s] creating /home/mogtaba/robotic_workspace/build/industrial_robot_arm/build
[3.797s] creating /home/mogtaba/robotic_workspace/build/industrial_robot_arm/build/lib
[3.798s] creating /home/mogtaba/robotic_workspace/build/industrial_robot_arm/build/lib/industrial_robot_arm
[3.798s] copying industrial_robot_arm/controller_test.py -> /home/mogtaba/robotic_workspace/build/industrial_robot_arm/build/lib/industrial_robot_arm
[3.798s] copying industrial_robot_arm/__init__.py -> /home/mogtaba/robotic_workspace/build/industrial_robot_arm/build/lib/industrial_robot_arm
[3.798s] running install
[3.798s] running install_lib
[3.798s] creating /home/mogtaba/robotic_workspace/install/industrial_robot_arm/lib/python3.10/site-packages/industrial_robot_arm
[3.799s] copying /home/mogtaba/robotic_workspace/build/industrial_robot_arm/build/lib/industrial_robot_arm/controller_test.py -> /home/mogtaba/robotic_workspace/install/industrial_robot_arm/lib/python3.10/site-packages/industrial_robot_arm
[3.799s] copying /home/mogtaba/robotic_workspace/build/industrial_robot_arm/build/lib/industrial_robot_arm/__init__.py -> /home/mogtaba/robotic_workspace/install/industrial_robot_arm/lib/python3.10/site-packages/industrial_robot_arm
[3.799s] byte-compiling /home/mogtaba/robotic_workspace/install/industrial_robot_arm/lib/python3.10/site-packages/industrial_robot_arm/controller_test.py to controller_test.cpython-310.pyc
[3.799s] byte-compiling /home/mogtaba/robotic_workspace/install/industrial_robot_arm/lib/python3.10/site-packages/industrial_robot_arm/__init__.py to __init__.cpython-310.pyc
[3.800s] running install_data
[3.802s] creating /home/mogtaba/robotic_workspace/install/industrial_robot_arm/share/ament_index
[3.803s] creating /home/mogtaba/robotic_workspace/install/industrial_robot_arm/share/ament_index/resource_index
[3.803s] creating /home/mogtaba/robotic_workspace/install/industrial_robot_arm/share/ament_index/resource_index/packages
[3.804s] copying resource/industrial_robot_arm -> /home/mogtaba/robotic_workspace/install/industrial_robot_arm/share/ament_index/resource_index/packages
[3.806s] copying package.xml -> /home/mogtaba/robotic_workspace/install/industrial_robot_arm/share/industrial_robot_arm
[3.808s] creating /home/mogtaba/robotic_workspace/install/industrial_robot_arm/share/industrial_robot_arm/launch
[3.809s] copying launch/controller.launch.py -> /home/mogtaba/robotic_workspace/install/industrial_robot_arm/share/industrial_robot_arm/launch
[3.812s] copying launch/gazebo.launch.py -> /home/mogtaba/robotic_workspace/install/industrial_robot_arm/share/industrial_robot_arm/launch
[3.816s] copying launch/rsp.launch.py -> /home/mogtaba/robotic_workspace/install/industrial_robot_arm/share/industrial_robot_arm/launch
[3.817s] copying launch/rviz.launch.py -> /home/mogtaba/robotic_workspace/install/industrial_robot_arm/share/industrial_robot_arm/launch
[3.818s] creating /home/mogtaba/robotic_workspace/install/industrial_robot_arm/share/industrial_robot_arm/urdf
[3.819s] copying urdf/industrial_robot_arm.urdf -> /home/mogtaba/robotic_workspace/install/industrial_robot_arm/share/industrial_robot_arm/urdf
[3.821s] copying urdf/industrial_robot_arm.xacro -> /home/mogtaba/robotic_workspace/install/industrial_robot_arm/share/industrial_robot_arm/urdf
[3.823s] copying urdf/industrial_robot_arm.xacro.urdf -> /home/mogtaba/robotic_workspace/install/industrial_robot_arm/share/industrial_robot_arm/urdf
[3.920s] copying urdf/industrial_robot_arm_moveit.xacro.urdf -> /home/mogtaba/robotic_workspace/install/industrial_robot_arm/share/industrial_robot_arm/urdf
[3.922s] creating /home/mogtaba/robotic_workspace/install/industrial_robot_arm/share/industrial_robot_arm/meshes
[3.923s] copying meshes/base_link.stl -> /home/mogtaba/robotic_workspace/install/industrial_robot_arm/share/industrial_robot_arm/meshes
[3.939s] copying meshes/gloc_v1_1.stl -> /home/mogtaba/robotic_workspace/install/industrial_robot_arm/share/industrial_robot_arm/meshes
[3.958s] copying meshes/joint_1_1.stl -> /home/mogtaba/robotic_workspace/install/industrial_robot_arm/share/industrial_robot_arm/meshes
[4.133s] copying meshes/joint_2_LEFT_1.stl -> /home/mogtaba/robotic_workspace/install/industrial_robot_arm/share/industrial_robot_arm/meshes
[4.149s] copying meshes/joint_2_RIGHT_1.stl -> /home/mogtaba/robotic_workspace/install/industrial_robot_arm/share/industrial_robot_arm/meshes
[4.164s] copying meshes/joint_3_1.stl -> /home/mogtaba/robotic_workspace/install/industrial_robot_arm/share/industrial_robot_arm/meshes
[4.178s] copying meshes/joint_4_1.stl -> /home/mogtaba/robotic_workspace/install/industrial_robot_arm/share/industrial_robot_arm/meshes
[4.193s] copying meshes/joint_5_6_1.stl -> /home/mogtaba/robotic_workspace/install/industrial_robot_arm/share/industrial_robot_arm/meshes
[4.207s] copying meshes/link_j4_j5_1.stl -> /home/mogtaba/robotic_workspace/install/industrial_robot_arm/share/industrial_robot_arm/meshes
[4.224s] creating /home/mogtaba/robotic_workspace/install/industrial_robot_arm/share/industrial_robot_arm/config
[4.225s] copying config/jtc.yaml -> /home/mogtaba/robotic_workspace/install/industrial_robot_arm/share/industrial_robot_arm/config
[4.238s] running install_egg_info
[4.245s] Copying ../../build/industrial_robot_arm/industrial_robot_arm.egg-info to /home/mogtaba/robotic_workspace/install/industrial_robot_arm/lib/python3.10/site-packages/industrial_robot_arm-0.0.0-py3.10.egg-info
[4.309s] running install_scripts
[4.359s] Installing trajectory_msg script to /home/mogtaba/robotic_workspace/install/industrial_robot_arm/lib/industrial_robot_arm
[4.363s] writing list of installed files to '/home/mogtaba/robotic_workspace/build/industrial_robot_arm/install.log'
[4.412s] Invoked command in '/home/mogtaba/robotic_workspace/src/industrial_robot_arm' returned '0': PYTHONPATH=/home/mogtaba/robotic_workspace/build/industrial_robot_arm/prefix_override:/home/mogtaba/robotic_workspace/install/industrial_robot_arm/lib/python3.10/site-packages:${PYTHONPATH} WSLENV=ELECTRON_RUN_AS_NODE/w:WT_SESSION::WT_PROFILE_ID /usr/bin/python3 setup.py egg_info --egg-base ../../build/industrial_robot_arm build --build-base /home/mogtaba/robotic_workspace/build/industrial_robot_arm/build install --record /home/mogtaba/robotic_workspace/build/industrial_robot_arm/install.log --single-version-externally-managed
