running egg_info
writing ../../build/industrial_robot_arm/industrial_robot_arm.egg-info/PKG-INFO
writing dependency_links to ../../build/industrial_robot_arm/industrial_robot_arm.egg-info/dependency_links.txt
writing entry points to ../../build/industrial_robot_arm/industrial_robot_arm.egg-info/entry_points.txt
writing requirements to ../../build/industrial_robot_arm/industrial_robot_arm.egg-info/requires.txt
writing top-level names to ../../build/industrial_robot_arm/industrial_robot_arm.egg-info/top_level.txt
reading manifest file '../../build/industrial_robot_arm/industrial_robot_arm.egg-info/SOURCES.txt'
writing manifest file '../../build/industrial_robot_arm/industrial_robot_arm.egg-info/SOURCES.txt'
running build
running build_py
running install
running install_lib
running install_data
copying urdf/industrial_robot_arm.gazebo -> /home/mogtaba/robotic_workspace/install/industrial_robot_arm/share/industrial_robot_arm/urdf
copying urdf/industrial_robot_arm.urdf -> /home/mogtaba/robotic_workspace/install/industrial_robot_arm/share/industrial_robot_arm/urdf
copying config/jtc.yaml -> /home/mogtaba/robotic_workspace/install/industrial_robot_arm/share/industrial_robot_arm/config
running install_egg_info
removing '/home/mogtaba/robotic_workspace/install/industrial_robot_arm/lib/python3.10/site-packages/industrial_robot_arm-0.0.0-py3.10.egg-info' (and everything under it)
Copying ../../build/industrial_robot_arm/industrial_robot_arm.egg-info to /home/mogtaba/robotic_workspace/install/industrial_robot_arm/lib/python3.10/site-packages/industrial_robot_arm-0.0.0-py3.10.egg-info
running install_scripts
Installing trajectory_msg script to /home/mogtaba/robotic_workspace/install/industrial_robot_arm/lib/industrial_robot_arm
writing list of installed files to '/home/mogtaba/robotic_workspace/build/industrial_robot_arm/install.log'
