[7.182s] Invoking command in '/home/mogtaba/robotic_workspace/src/industrial_robot_arm': PYTHONPATH=/home/mogtaba/robotic_workspace/build/industrial_robot_arm/prefix_override:/home/mogtaba/robotic_workspace/install/industrial_robot_arm/lib/python3.10/site-packages:${PYTHONPATH} /usr/bin/python3 setup.py egg_info --egg-base ../../build/industrial_robot_arm build --build-base /home/mogtaba/robotic_workspace/build/industrial_robot_arm/build install --record /home/mogtaba/robotic_workspace/build/industrial_robot_arm/install.log --single-version-externally-managed
[7.876s] running egg_info
[7.878s] writing ../../build/industrial_robot_arm/industrial_robot_arm.egg-info/PKG-INFO
[7.879s] writing dependency_links to ../../build/industrial_robot_arm/industrial_robot_arm.egg-info/dependency_links.txt
[7.879s] writing entry points to ../../build/industrial_robot_arm/industrial_robot_arm.egg-info/entry_points.txt
[7.880s] writing requirements to ../../build/industrial_robot_arm/industrial_robot_arm.egg-info/requires.txt
[7.881s] writing top-level names to ../../build/industrial_robot_arm/industrial_robot_arm.egg-info/top_level.txt
[7.890s] reading manifest file '../../build/industrial_robot_arm/industrial_robot_arm.egg-info/SOURCES.txt'
[7.902s] writing manifest file '../../build/industrial_robot_arm/industrial_robot_arm.egg-info/SOURCES.txt'
[7.903s] running build
[7.903s] running build_py
[7.904s] running install
[7.905s] running install_lib
[7.908s] running install_data
[7.909s] copying package.xml -> /home/mogtaba/robotic_workspace/install/industrial_robot_arm/share/industrial_robot_arm
[7.912s] copying urdf/industrial_robot_arm.urdf -> /home/mogtaba/robotic_workspace/install/industrial_robot_arm/share/industrial_robot_arm/urdf
[7.916s] running install_egg_info
[7.920s] removing '/home/mogtaba/robotic_workspace/install/industrial_robot_arm/lib/python3.10/site-packages/industrial_robot_arm-0.0.0-py3.10.egg-info' (and everything under it)
[7.925s] Copying ../../build/industrial_robot_arm/industrial_robot_arm.egg-info to /home/mogtaba/robotic_workspace/install/industrial_robot_arm/lib/python3.10/site-packages/industrial_robot_arm-0.0.0-py3.10.egg-info
[7.945s] running install_scripts
[7.987s] Installing trajectory_msg script to /home/mogtaba/robotic_workspace/install/industrial_robot_arm/lib/industrial_robot_arm
[7.989s] writing list of installed files to '/home/mogtaba/robotic_workspace/build/industrial_robot_arm/install.log'
[8.028s] Invoked command in '/home/mogtaba/robotic_workspace/src/industrial_robot_arm' returned '0': PYTHONPATH=/home/mogtaba/robotic_workspace/build/industrial_robot_arm/prefix_override:/home/mogtaba/robotic_workspace/install/industrial_robot_arm/lib/python3.10/site-packages:${PYTHONPATH} /usr/bin/python3 setup.py egg_info --egg-base ../../build/industrial_robot_arm build --build-base /home/mogtaba/robotic_workspace/build/industrial_robot_arm/build install --record /home/mogtaba/robotic_workspace/build/industrial_robot_arm/install.log --single-version-externally-managed
