[15.919s] DEBUG:colcon:Command line arguments: ['/usr/bin/colcon', 'build']
[15.919s] DEBUG:colcon:Parsed command line arguments: Namespace(log_base=None, log_level=None, verb_name='build', build_base='build', install_base='install', merge_install=False, symlink_install=False, test_result_base=None, continue_on_error=False, executor='parallel', parallel_workers=4, event_handlers=None, ignore_user_meta=False, metas=['./colcon.meta'], base_paths=['.'], packages_ignore=None, packages_ignore_regex=None, paths=None, packages_up_to=None, packages_up_to_regex=None, packages_above=None, packages_above_and_dependencies=None, packages_above_depth=None, packages_select_by_dep=None, packages_skip_by_dep=None, packages_skip_up_to=None, packages_select_build_failed=False, packages_skip_build_finished=False, packages_select_test_failures=False, packages_skip_test_passed=False, packages_select=None, packages_skip=None, packages_select_regex=None, packages_skip_regex=None, packages_start=None, packages_end=None, allow_overriding=[], cmake_args=None, cmake_target=None, cmake_target_skip_unavailable=False, cmake_clean_cache=False, cmake_clean_first=False, cmake_force_configure=False, ament_cmake_args=None, catkin_cmake_args=None, catkin_skip_building_tests=False, verb_parser=<colcon_defaults.argument_parser.defaults.DefaultArgumentsDecorator object at 0x7f1e9da2c580>, verb_extension=<colcon_core.verb.build.BuildVerb object at 0x7f1e9dcb6a10>, main=<bound method BuildVerb.main of <colcon_core.verb.build.BuildVerb object at 0x7f1e9dcb6a10>>)
[17.447s] Level 1:colcon.colcon_core.package_discovery:discover_packages(colcon_meta) check parameters
[17.448s] Level 1:colcon.colcon_core.package_discovery:discover_packages(recursive) check parameters
[17.448s] Level 1:colcon.colcon_core.package_discovery:discover_packages(ignore) check parameters
[17.448s] Level 1:colcon.colcon_core.package_discovery:discover_packages(path) check parameters
[17.448s] Level 1:colcon.colcon_core.package_discovery:discover_packages(colcon_meta) discover
[17.448s] Level 1:colcon.colcon_core.package_discovery:discover_packages(recursive) discover
[17.448s] INFO:colcon.colcon_core.package_discovery:Crawling recursively for packages in '/home/mogtaba/robotic_workspace'
[17.449s] Level 1:colcon.colcon_core.package_identification:_identify(.) by extensions ['ignore', 'ignore_ament_install']
[17.449s] Level 1:colcon.colcon_core.package_identification:_identify(.) by extension 'ignore'
[17.449s] Level 1:colcon.colcon_core.package_identification:_identify(.) by extension 'ignore_ament_install'
[17.450s] Level 1:colcon.colcon_core.package_identification:_identify(.) by extensions ['colcon_pkg']
[17.450s] Level 1:colcon.colcon_core.package_identification:_identify(.) by extension 'colcon_pkg'
[17.450s] Level 1:colcon.colcon_core.package_identification:_identify(.) by extensions ['colcon_meta']
[17.450s] Level 1:colcon.colcon_core.package_identification:_identify(.) by extension 'colcon_meta'
[17.450s] Level 1:colcon.colcon_core.package_identification:_identify(.) by extensions ['ros']
[17.450s] Level 1:colcon.colcon_core.package_identification:_identify(.) by extension 'ros'
[17.570s] Level 1:colcon.colcon_core.package_identification:_identify(.) by extensions ['cmake', 'python']
[17.571s] Level 1:colcon.colcon_core.package_identification:_identify(.) by extension 'cmake'
[17.571s] Level 1:colcon.colcon_core.package_identification:_identify(.) by extension 'python'
[17.571s] Level 1:colcon.colcon_core.package_identification:_identify(.) by extensions ['python_setup_py']
[17.571s] Level 1:colcon.colcon_core.package_identification:_identify(.) by extension 'python_setup_py'
[17.572s] Level 1:colcon.colcon_core.package_identification:_identify(build) by extensions ['ignore', 'ignore_ament_install']
[17.572s] Level 1:colcon.colcon_core.package_identification:_identify(build) by extension 'ignore'
[17.572s] Level 1:colcon.colcon_core.package_identification:_identify(build) ignored
[17.576s] Level 1:colcon.colcon_core.package_identification:_identify(install) by extensions ['ignore', 'ignore_ament_install']
[17.577s] Level 1:colcon.colcon_core.package_identification:_identify(install) by extension 'ignore'
[17.578s] Level 1:colcon.colcon_core.package_identification:_identify(install) ignored
[17.579s] Level 1:colcon.colcon_core.package_identification:_identify(log) by extensions ['ignore', 'ignore_ament_install']
[17.579s] Level 1:colcon.colcon_core.package_identification:_identify(log) by extension 'ignore'
[17.580s] Level 1:colcon.colcon_core.package_identification:_identify(log) ignored
[17.580s] Level 1:colcon.colcon_core.package_identification:_identify(src) by extensions ['ignore', 'ignore_ament_install']
[17.581s] Level 1:colcon.colcon_core.package_identification:_identify(src) by extension 'ignore'
[17.581s] Level 1:colcon.colcon_core.package_identification:_identify(src) by extension 'ignore_ament_install'
[17.582s] Level 1:colcon.colcon_core.package_identification:_identify(src) by extensions ['colcon_pkg']
[17.582s] Level 1:colcon.colcon_core.package_identification:_identify(src) by extension 'colcon_pkg'
[17.582s] Level 1:colcon.colcon_core.package_identification:_identify(src) by extensions ['colcon_meta']
[17.582s] Level 1:colcon.colcon_core.package_identification:_identify(src) by extension 'colcon_meta'
[17.582s] Level 1:colcon.colcon_core.package_identification:_identify(src) by extensions ['ros']
[17.582s] Level 1:colcon.colcon_core.package_identification:_identify(src) by extension 'ros'
[17.583s] Level 1:colcon.colcon_core.package_identification:_identify(src) by extensions ['cmake', 'python']
[17.583s] Level 1:colcon.colcon_core.package_identification:_identify(src) by extension 'cmake'
[17.583s] Level 1:colcon.colcon_core.package_identification:_identify(src) by extension 'python'
[17.583s] Level 1:colcon.colcon_core.package_identification:_identify(src) by extensions ['python_setup_py']
[17.583s] Level 1:colcon.colcon_core.package_identification:_identify(src) by extension 'python_setup_py'
[17.584s] Level 1:colcon.colcon_core.package_identification:_identify(src/industrial_robot_arm) by extensions ['ignore', 'ignore_ament_install']
[17.584s] Level 1:colcon.colcon_core.package_identification:_identify(src/industrial_robot_arm) by extension 'ignore'
[17.584s] Level 1:colcon.colcon_core.package_identification:_identify(src/industrial_robot_arm) by extension 'ignore_ament_install'
[17.584s] Level 1:colcon.colcon_core.package_identification:_identify(src/industrial_robot_arm) by extensions ['colcon_pkg']
[17.584s] Level 1:colcon.colcon_core.package_identification:_identify(src/industrial_robot_arm) by extension 'colcon_pkg'
[17.585s] Level 1:colcon.colcon_core.package_identification:_identify(src/industrial_robot_arm) by extensions ['colcon_meta']
[17.585s] Level 1:colcon.colcon_core.package_identification:_identify(src/industrial_robot_arm) by extension 'colcon_meta'
[17.585s] Level 1:colcon.colcon_core.package_identification:_identify(src/industrial_robot_arm) by extensions ['ros']
[17.585s] Level 1:colcon.colcon_core.package_identification:_identify(src/industrial_robot_arm) by extension 'ros'
[17.644s] DEBUG:colcon.colcon_core.package_identification:Package 'src/industrial_robot_arm' with type 'ros.ament_python' and name 'industrial_robot_arm'
[17.644s] Level 1:colcon.colcon_core.package_discovery:discover_packages(recursive) using defaults
[17.645s] Level 1:colcon.colcon_core.package_discovery:discover_packages(ignore) discover
[17.645s] Level 1:colcon.colcon_core.package_discovery:discover_packages(ignore) using defaults
[17.645s] Level 1:colcon.colcon_core.package_discovery:discover_packages(path) discover
[17.645s] Level 1:colcon.colcon_core.package_discovery:discover_packages(path) using defaults
[19.397s] Level 1:colcon.colcon_core.package_discovery:discover_packages(prefix_path) check parameters
[19.398s] Level 1:colcon.colcon_core.package_discovery:discover_packages(prefix_path) discover
[20.203s] DEBUG:colcon.colcon_installed_package_information.package_discovery:Found 1 installed packages in /home/mogtaba/robotic_workspace/install
[20.591s] DEBUG:colcon.colcon_installed_package_information.package_discovery:Found 335 installed packages in /opt/ros/humble
[20.597s] Level 1:colcon.colcon_core.package_discovery:discover_packages(prefix_path) using defaults
[21.936s] Level 5:colcon.colcon_core.verb:set package 'industrial_robot_arm' build argument 'cmake_args' from command line to 'None'
[21.936s] Level 5:colcon.colcon_core.verb:set package 'industrial_robot_arm' build argument 'cmake_target' from command line to 'None'
[21.936s] Level 5:colcon.colcon_core.verb:set package 'industrial_robot_arm' build argument 'cmake_target_skip_unavailable' from command line to 'False'
[21.936s] Level 5:colcon.colcon_core.verb:set package 'industrial_robot_arm' build argument 'cmake_clean_cache' from command line to 'False'
[21.936s] Level 5:colcon.colcon_core.verb:set package 'industrial_robot_arm' build argument 'cmake_clean_first' from command line to 'False'
[21.936s] Level 5:colcon.colcon_core.verb:set package 'industrial_robot_arm' build argument 'cmake_force_configure' from command line to 'False'
[21.936s] Level 5:colcon.colcon_core.verb:set package 'industrial_robot_arm' build argument 'ament_cmake_args' from command line to 'None'
[21.936s] Level 5:colcon.colcon_core.verb:set package 'industrial_robot_arm' build argument 'catkin_cmake_args' from command line to 'None'
[21.937s] Level 5:colcon.colcon_core.verb:set package 'industrial_robot_arm' build argument 'catkin_skip_building_tests' from command line to 'False'
[21.937s] DEBUG:colcon.colcon_core.verb:Building package 'industrial_robot_arm' with the following arguments: {'ament_cmake_args': None, 'build_base': '/home/mogtaba/robotic_workspace/build/industrial_robot_arm', 'catkin_cmake_args': None, 'catkin_skip_building_tests': False, 'cmake_args': None, 'cmake_clean_cache': False, 'cmake_clean_first': False, 'cmake_force_configure': False, 'cmake_target': None, 'cmake_target_skip_unavailable': False, 'install_base': '/home/mogtaba/robotic_workspace/install/industrial_robot_arm', 'merge_install': False, 'path': '/home/mogtaba/robotic_workspace/src/industrial_robot_arm', 'symlink_install': False, 'test_result_base': None}
[22.121s] INFO:colcon.colcon_core.executor:Executing jobs using 'parallel' executor
[22.360s] DEBUG:colcon.colcon_parallel_executor.executor.parallel:run_until_complete
[22.362s] INFO:colcon.colcon_ros.task.ament_python.build:Building ROS package in '/home/mogtaba/robotic_workspace/src/industrial_robot_arm' with build type 'ament_python'
[22.363s] Level 1:colcon.colcon_core.shell:create_environment_hook('industrial_robot_arm', 'ament_prefix_path')
[23.037s] INFO:colcon.colcon_core.plugin_system:Skipping extension 'colcon_core.shell.bat': Not used on non-Windows systems
[23.038s] INFO:colcon.colcon_core.shell:Creating environment hook '/home/mogtaba/robotic_workspace/install/industrial_robot_arm/share/industrial_robot_arm/hook/ament_prefix_path.ps1'
[23.071s] INFO:colcon.colcon_core.shell:Creating environment descriptor '/home/mogtaba/robotic_workspace/install/industrial_robot_arm/share/industrial_robot_arm/hook/ament_prefix_path.dsv'
[23.093s] INFO:colcon.colcon_core.shell:Creating environment hook '/home/mogtaba/robotic_workspace/install/industrial_robot_arm/share/industrial_robot_arm/hook/ament_prefix_path.sh'
[23.325s] INFO:colcon.colcon_core.shell:Skip shell extension 'powershell' for command environment: Not usable outside of PowerShell
[23.328s] DEBUG:colcon.colcon_core.shell:Skip shell extension 'dsv' for command environment
[26.932s] INFO:colcon.colcon_core.task.python.build:Building Python package in '/home/mogtaba/robotic_workspace/src/industrial_robot_arm'
[27.039s] INFO:colcon.colcon_core.shell:Skip shell extension 'powershell' for command environment: Not usable outside of PowerShell
[27.039s] DEBUG:colcon.colcon_core.shell:Skip shell extension 'dsv' for command environment
[35.569s] DEBUG:colcon.colcon_core.event_handler.log_command:Invoking command in '/home/mogtaba/robotic_workspace/src/industrial_robot_arm': PYTHONPATH=/home/mogtaba/robotic_workspace/build/industrial_robot_arm/prefix_override:/home/mogtaba/robotic_workspace/install/industrial_robot_arm/lib/python3.10/site-packages:${PYTHONPATH} /usr/bin/python3 setup.py egg_info --egg-base ../../build/industrial_robot_arm build --build-base /home/mogtaba/robotic_workspace/build/industrial_robot_arm/build install --record /home/mogtaba/robotic_workspace/build/industrial_robot_arm/install.log --single-version-externally-managed
[37.038s] DEBUG:colcon.colcon_core.event_handler.log_command:Invoked command in '/home/mogtaba/robotic_workspace/src/industrial_robot_arm' returned '0': PYTHONPATH=/home/mogtaba/robotic_workspace/build/industrial_robot_arm/prefix_override:/home/mogtaba/robotic_workspace/install/industrial_robot_arm/lib/python3.10/site-packages:${PYTHONPATH} /usr/bin/python3 setup.py egg_info --egg-base ../../build/industrial_robot_arm build --build-base /home/mogtaba/robotic_workspace/build/industrial_robot_arm/build install --record /home/mogtaba/robotic_workspace/build/industrial_robot_arm/install.log --single-version-externally-managed
[37.243s] Level 1:colcon.colcon_core.environment:checking '/home/mogtaba/robotic_workspace/install/industrial_robot_arm' for CMake module files
[37.247s] Level 1:colcon.colcon_core.environment:checking '/home/mogtaba/robotic_workspace/install/industrial_robot_arm' for CMake config files
[37.252s] Level 1:colcon.colcon_core.environment:checking '/home/mogtaba/robotic_workspace/install/industrial_robot_arm/lib'
[37.252s] Level 1:colcon.colcon_core.environment:checking '/home/mogtaba/robotic_workspace/install/industrial_robot_arm/bin'
[37.253s] Level 1:colcon.colcon_core.environment:checking '/home/mogtaba/robotic_workspace/install/industrial_robot_arm/lib/pkgconfig/industrial_robot_arm.pc'
[37.253s] Level 1:colcon.colcon_core.environment:checking '/home/mogtaba/robotic_workspace/install/industrial_robot_arm/lib/python3.10/site-packages'
[37.253s] Level 1:colcon.colcon_core.shell:create_environment_hook('industrial_robot_arm', 'pythonpath')
[37.328s] INFO:colcon.colcon_core.shell:Creating environment hook '/home/mogtaba/robotic_workspace/install/industrial_robot_arm/share/industrial_robot_arm/hook/pythonpath.ps1'
[37.329s] INFO:colcon.colcon_core.shell:Creating environment descriptor '/home/mogtaba/robotic_workspace/install/industrial_robot_arm/share/industrial_robot_arm/hook/pythonpath.dsv'
[37.331s] INFO:colcon.colcon_core.shell:Creating environment hook '/home/mogtaba/robotic_workspace/install/industrial_robot_arm/share/industrial_robot_arm/hook/pythonpath.sh'
[37.333s] Level 1:colcon.colcon_core.environment:checking '/home/mogtaba/robotic_workspace/install/industrial_robot_arm/bin'
[37.333s] Level 1:colcon.colcon_core.environment:create_environment_scripts_only(industrial_robot_arm)
[37.423s] INFO:colcon.colcon_core.shell:Creating package script '/home/mogtaba/robotic_workspace/install/industrial_robot_arm/share/industrial_robot_arm/package.ps1'
[37.437s] INFO:colcon.colcon_core.shell:Creating package descriptor '/home/mogtaba/robotic_workspace/install/industrial_robot_arm/share/industrial_robot_arm/package.dsv'
[37.452s] INFO:colcon.colcon_core.shell:Creating package script '/home/mogtaba/robotic_workspace/install/industrial_robot_arm/share/industrial_robot_arm/package.sh'
[37.468s] INFO:colcon.colcon_core.shell:Creating package script '/home/mogtaba/robotic_workspace/install/industrial_robot_arm/share/industrial_robot_arm/package.bash'
[37.485s] INFO:colcon.colcon_core.shell:Creating package script '/home/mogtaba/robotic_workspace/install/industrial_robot_arm/share/industrial_robot_arm/package.zsh'
[37.505s] Level 1:colcon.colcon_core.environment:create_file_with_runtime_dependencies(/home/mogtaba/robotic_workspace/install/industrial_robot_arm/share/colcon-core/packages/industrial_robot_arm)
[37.507s] DEBUG:colcon.colcon_parallel_executor.executor.parallel:closing loop
[37.508s] DEBUG:colcon.colcon_parallel_executor.executor.parallel:loop closed
[37.508s] DEBUG:colcon.colcon_parallel_executor.executor.parallel:run_until_complete finished with '0'
[37.508s] DEBUG:colcon.colcon_core.event_reactor:joining thread
[37.784s] INFO:colcon.colcon_core.plugin_system:Skipping extension 'colcon_notification.desktop_notification.notify_send': Could not find 'notify-send'
[37.784s] INFO:colcon.colcon_core.plugin_system:Skipping extension 'colcon_notification.desktop_notification.terminal_notifier': Not used on non-Darwin systems
[37.784s] INFO:colcon.colcon_core.plugin_system:Skipping extension 'colcon_notification.desktop_notification.win32': Not used on non-Windows systems
[37.784s] INFO:colcon.colcon_notification.desktop_notification:Sending desktop notification using 'notify2'
[37.845s] DEBUG:colcon.colcon_notification.desktop_notification.notify2:Failed to initialize notify2: org.freedesktop.DBus.Error.ServiceUnknown: The name org.freedesktop.Notifications was not provided by any .service files
[37.845s] DEBUG:colcon.colcon_core.event_reactor:joined thread
[37.951s] INFO:colcon.colcon_core.shell:Creating prefix script '/home/mogtaba/robotic_workspace/install/local_setup.ps1'
[37.969s] INFO:colcon.colcon_core.shell:Creating prefix util module '/home/mogtaba/robotic_workspace/install/_local_setup_util_ps1.py'
[37.984s] INFO:colcon.colcon_core.shell:Creating prefix chain script '/home/mogtaba/robotic_workspace/install/setup.ps1'
[38.077s] INFO:colcon.colcon_core.shell:Creating prefix script '/home/mogtaba/robotic_workspace/install/local_setup.sh'
[38.089s] INFO:colcon.colcon_core.shell:Creating prefix util module '/home/mogtaba/robotic_workspace/install/_local_setup_util_sh.py'
[38.091s] INFO:colcon.colcon_core.shell:Creating prefix chain script '/home/mogtaba/robotic_workspace/install/setup.sh'
[38.189s] INFO:colcon.colcon_core.shell:Creating prefix script '/home/mogtaba/robotic_workspace/install/local_setup.bash'
[38.209s] INFO:colcon.colcon_core.shell:Creating prefix chain script '/home/mogtaba/robotic_workspace/install/setup.bash'
[38.306s] INFO:colcon.colcon_core.shell:Creating prefix script '/home/mogtaba/robotic_workspace/install/local_setup.zsh'
[38.316s] INFO:colcon.colcon_core.shell:Creating prefix chain script '/home/mogtaba/robotic_workspace/install/setup.zsh'
