[13.201s] Invoking command in '/home/mogtaba/robotic_workspace/src/industrial_robot_arm': PYTHONPATH=/home/mogtaba/robotic_workspace/build/industrial_robot_arm/prefix_override:/home/mogtaba/robotic_workspace/install/industrial_robot_arm/lib/python3.10/site-packages:${PYTHONPATH} /usr/bin/python3 setup.py egg_info --egg-base ../../build/industrial_robot_arm build --build-base /home/mogtaba/robotic_workspace/build/industrial_robot_arm/build install --record /home/mogtaba/robotic_workspace/build/industrial_robot_arm/install.log --single-version-externally-managed
[14.465s] running egg_info
[14.466s] writing ../../build/industrial_robot_arm/industrial_robot_arm.egg-info/PKG-INFO
[14.467s] writing dependency_links to ../../build/industrial_robot_arm/industrial_robot_arm.egg-info/dependency_links.txt
[14.470s] writing entry points to ../../build/industrial_robot_arm/industrial_robot_arm.egg-info/entry_points.txt
[14.471s] writing requirements to ../../build/industrial_robot_arm/industrial_robot_arm.egg-info/requires.txt
[14.471s] writing top-level names to ../../build/industrial_robot_arm/industrial_robot_arm.egg-info/top_level.txt
[14.485s] reading manifest file '../../build/industrial_robot_arm/industrial_robot_arm.egg-info/SOURCES.txt'
[14.496s] writing manifest file '../../build/industrial_robot_arm/industrial_robot_arm.egg-info/SOURCES.txt'
[14.496s] running build
[14.497s] running build_py
[14.498s] running install
[14.499s] running install_lib
[14.505s] running install_data
[14.508s] copying urdf/industrial_robot_arm_moveit.urdf -> /home/mogtaba/robotic_workspace/install/industrial_robot_arm/share/industrial_robot_arm/urdf
[14.513s] running install_egg_info
[14.521s] removing '/home/mogtaba/robotic_workspace/install/industrial_robot_arm/lib/python3.10/site-packages/industrial_robot_arm-0.0.0-py3.10.egg-info' (and everything under it)
[14.525s] Copying ../../build/industrial_robot_arm/industrial_robot_arm.egg-info to /home/mogtaba/robotic_workspace/install/industrial_robot_arm/lib/python3.10/site-packages/industrial_robot_arm-0.0.0-py3.10.egg-info
[14.541s] running install_scripts
[14.599s] Installing trajectory_msg script to /home/mogtaba/robotic_workspace/install/industrial_robot_arm/lib/industrial_robot_arm
[14.601s] writing list of installed files to '/home/mogtaba/robotic_workspace/build/industrial_robot_arm/install.log'
[14.671s] Invoked command in '/home/mogtaba/robotic_workspace/src/industrial_robot_arm' returned '0': PYTHONPATH=/home/mogtaba/robotic_workspace/build/industrial_robot_arm/prefix_override:/home/mogtaba/robotic_workspace/install/industrial_robot_arm/lib/python3.10/site-packages:${PYTHONPATH} /usr/bin/python3 setup.py egg_info --egg-base ../../build/industrial_robot_arm build --build-base /home/mogtaba/robotic_workspace/build/industrial_robot_arm/build install --record /home/mogtaba/robotic_workspace/build/industrial_robot_arm/install.log --single-version-externally-managed
