[3.795s] DEBUG:colcon:Command line arguments: ['/usr/bin/colcon', 'build']
[3.795s] DEBUG:colcon:Parsed command line arguments: Namespace(log_base=None, log_level=None, verb_name='build', build_base='build', install_base='install', merge_install=False, symlink_install=False, test_result_base=None, continue_on_error=False, executor='parallel', parallel_workers=4, event_handlers=None, ignore_user_meta=False, metas=['./colcon.meta'], base_paths=['.'], packages_ignore=None, packages_ignore_regex=None, paths=None, packages_up_to=None, packages_up_to_regex=None, packages_above=None, packages_above_and_dependencies=None, packages_above_depth=None, packages_select_by_dep=None, packages_skip_by_dep=None, packages_skip_up_to=None, packages_select_build_failed=False, packages_skip_build_finished=False, packages_select_test_failures=False, packages_skip_test_passed=False, packages_select=None, packages_skip=None, packages_select_regex=None, packages_skip_regex=None, packages_start=None, packages_end=None, allow_overriding=[], cmake_args=None, cmake_target=None, cmake_target_skip_unavailable=False, cmake_clean_cache=False, cmake_clean_first=False, cmake_force_configure=False, ament_cmake_args=None, catkin_cmake_args=None, catkin_skip_building_tests=False, verb_parser=<colcon_defaults.argument_parser.defaults.DefaultArgumentsDecorator object at 0x7fb8733dc610>, verb_extension=<colcon_core.verb.build.BuildVerb object at 0x7fb873666cb0>, main=<bound method BuildVerb.main of <colcon_core.verb.build.BuildVerb object at 0x7fb873666cb0>>)
[4.011s] Level 1:colcon.colcon_core.package_discovery:discover_packages(colcon_meta) check parameters
[4.011s] Level 1:colcon.colcon_core.package_discovery:discover_packages(recursive) check parameters
[4.011s] Level 1:colcon.colcon_core.package_discovery:discover_packages(ignore) check parameters
[4.011s] Level 1:colcon.colcon_core.package_discovery:discover_packages(path) check parameters
[4.011s] Level 1:colcon.colcon_core.package_discovery:discover_packages(colcon_meta) discover
[4.011s] Level 1:colcon.colcon_core.package_discovery:discover_packages(recursive) discover
[4.012s] INFO:colcon.colcon_core.package_discovery:Crawling recursively for packages in '/home/mogtaba/robotic_workspace'
[4.012s] Level 1:colcon.colcon_core.package_identification:_identify(.) by extensions ['ignore', 'ignore_ament_install']
[4.012s] Level 1:colcon.colcon_core.package_identification:_identify(.) by extension 'ignore'
[4.012s] Level 1:colcon.colcon_core.package_identification:_identify(.) by extension 'ignore_ament_install'
[4.012s] Level 1:colcon.colcon_core.package_identification:_identify(.) by extensions ['colcon_pkg']
[4.012s] Level 1:colcon.colcon_core.package_identification:_identify(.) by extension 'colcon_pkg'
[4.012s] Level 1:colcon.colcon_core.package_identification:_identify(.) by extensions ['colcon_meta']
[4.012s] Level 1:colcon.colcon_core.package_identification:_identify(.) by extension 'colcon_meta'
[4.013s] Level 1:colcon.colcon_core.package_identification:_identify(.) by extensions ['ros']
[4.013s] Level 1:colcon.colcon_core.package_identification:_identify(.) by extension 'ros'
[4.039s] Level 1:colcon.colcon_core.package_identification:_identify(.) by extensions ['cmake', 'python']
[4.040s] Level 1:colcon.colcon_core.package_identification:_identify(.) by extension 'cmake'
[4.040s] Level 1:colcon.colcon_core.package_identification:_identify(.) by extension 'python'
[4.040s] Level 1:colcon.colcon_core.package_identification:_identify(.) by extensions ['python_setup_py']
[4.040s] Level 1:colcon.colcon_core.package_identification:_identify(.) by extension 'python_setup_py'
[4.041s] Level 1:colcon.colcon_core.package_identification:_identify(build) by extensions ['ignore', 'ignore_ament_install']
[4.041s] Level 1:colcon.colcon_core.package_identification:_identify(build) by extension 'ignore'
[4.041s] Level 1:colcon.colcon_core.package_identification:_identify(build) ignored
[4.041s] Level 1:colcon.colcon_core.package_identification:_identify(install) by extensions ['ignore', 'ignore_ament_install']
[4.041s] Level 1:colcon.colcon_core.package_identification:_identify(install) by extension 'ignore'
[4.041s] Level 1:colcon.colcon_core.package_identification:_identify(install) ignored
[4.042s] Level 1:colcon.colcon_core.package_identification:_identify(log) by extensions ['ignore', 'ignore_ament_install']
[4.042s] Level 1:colcon.colcon_core.package_identification:_identify(log) by extension 'ignore'
[4.042s] Level 1:colcon.colcon_core.package_identification:_identify(log) ignored
[4.042s] Level 1:colcon.colcon_core.package_identification:_identify(src) by extensions ['ignore', 'ignore_ament_install']
[4.042s] Level 1:colcon.colcon_core.package_identification:_identify(src) by extension 'ignore'
[4.042s] Level 1:colcon.colcon_core.package_identification:_identify(src) by extension 'ignore_ament_install'
[4.042s] Level 1:colcon.colcon_core.package_identification:_identify(src) by extensions ['colcon_pkg']
[4.042s] Level 1:colcon.colcon_core.package_identification:_identify(src) by extension 'colcon_pkg'
[4.043s] Level 1:colcon.colcon_core.package_identification:_identify(src) by extensions ['colcon_meta']
[4.043s] Level 1:colcon.colcon_core.package_identification:_identify(src) by extension 'colcon_meta'
[4.043s] Level 1:colcon.colcon_core.package_identification:_identify(src) by extensions ['ros']
[4.043s] Level 1:colcon.colcon_core.package_identification:_identify(src) by extension 'ros'
[4.043s] Level 1:colcon.colcon_core.package_identification:_identify(src) by extensions ['cmake', 'python']
[4.043s] Level 1:colcon.colcon_core.package_identification:_identify(src) by extension 'cmake'
[4.044s] Level 1:colcon.colcon_core.package_identification:_identify(src) by extension 'python'
[4.044s] Level 1:colcon.colcon_core.package_identification:_identify(src) by extensions ['python_setup_py']
[4.044s] Level 1:colcon.colcon_core.package_identification:_identify(src) by extension 'python_setup_py'
[4.044s] Level 1:colcon.colcon_core.package_identification:_identify(src/industrial_robot_arm) by extensions ['ignore', 'ignore_ament_install']
[4.044s] Level 1:colcon.colcon_core.package_identification:_identify(src/industrial_robot_arm) by extension 'ignore'
[4.045s] Level 1:colcon.colcon_core.package_identification:_identify(src/industrial_robot_arm) by extension 'ignore_ament_install'
[4.045s] Level 1:colcon.colcon_core.package_identification:_identify(src/industrial_robot_arm) by extensions ['colcon_pkg']
[4.045s] Level 1:colcon.colcon_core.package_identification:_identify(src/industrial_robot_arm) by extension 'colcon_pkg'
[4.045s] Level 1:colcon.colcon_core.package_identification:_identify(src/industrial_robot_arm) by extensions ['colcon_meta']
[4.045s] Level 1:colcon.colcon_core.package_identification:_identify(src/industrial_robot_arm) by extension 'colcon_meta'
[4.045s] Level 1:colcon.colcon_core.package_identification:_identify(src/industrial_robot_arm) by extensions ['ros']
[4.045s] Level 1:colcon.colcon_core.package_identification:_identify(src/industrial_robot_arm) by extension 'ros'
[4.052s] DEBUG:colcon.colcon_core.package_identification:Package 'src/industrial_robot_arm' with type 'ros.ament_python' and name 'industrial_robot_arm'
[4.053s] Level 1:colcon.colcon_core.package_discovery:discover_packages(recursive) using defaults
[4.054s] Level 1:colcon.colcon_core.package_discovery:discover_packages(ignore) discover
[4.054s] Level 1:colcon.colcon_core.package_discovery:discover_packages(ignore) using defaults
[4.054s] Level 1:colcon.colcon_core.package_discovery:discover_packages(path) discover
[4.054s] Level 1:colcon.colcon_core.package_discovery:discover_packages(path) using defaults
[4.365s] Level 1:colcon.colcon_core.package_discovery:discover_packages(prefix_path) check parameters
[4.365s] Level 1:colcon.colcon_core.package_discovery:discover_packages(prefix_path) discover
[4.497s] DEBUG:colcon.colcon_installed_package_information.package_discovery:Found 1 installed packages in /home/mogtaba/robotic_workspace/install
[4.598s] DEBUG:colcon.colcon_installed_package_information.package_discovery:Found 335 installed packages in /opt/ros/humble
[4.603s] Level 1:colcon.colcon_core.package_discovery:discover_packages(prefix_path) using defaults
[4.961s] Level 5:colcon.colcon_core.verb:set package 'industrial_robot_arm' build argument 'cmake_args' from command line to 'None'
[4.962s] Level 5:colcon.colcon_core.verb:set package 'industrial_robot_arm' build argument 'cmake_target' from command line to 'None'
[4.962s] Level 5:colcon.colcon_core.verb:set package 'industrial_robot_arm' build argument 'cmake_target_skip_unavailable' from command line to 'False'
[4.962s] Level 5:colcon.colcon_core.verb:set package 'industrial_robot_arm' build argument 'cmake_clean_cache' from command line to 'False'
[4.962s] Level 5:colcon.colcon_core.verb:set package 'industrial_robot_arm' build argument 'cmake_clean_first' from command line to 'False'
[4.962s] Level 5:colcon.colcon_core.verb:set package 'industrial_robot_arm' build argument 'cmake_force_configure' from command line to 'False'
[4.962s] Level 5:colcon.colcon_core.verb:set package 'industrial_robot_arm' build argument 'ament_cmake_args' from command line to 'None'
[4.962s] Level 5:colcon.colcon_core.verb:set package 'industrial_robot_arm' build argument 'catkin_cmake_args' from command line to 'None'
[4.962s] Level 5:colcon.colcon_core.verb:set package 'industrial_robot_arm' build argument 'catkin_skip_building_tests' from command line to 'False'
[4.962s] DEBUG:colcon.colcon_core.verb:Building package 'industrial_robot_arm' with the following arguments: {'ament_cmake_args': None, 'build_base': '/home/mogtaba/robotic_workspace/build/industrial_robot_arm', 'catkin_cmake_args': None, 'catkin_skip_building_tests': False, 'cmake_args': None, 'cmake_clean_cache': False, 'cmake_clean_first': False, 'cmake_force_configure': False, 'cmake_target': None, 'cmake_target_skip_unavailable': False, 'install_base': '/home/mogtaba/robotic_workspace/install/industrial_robot_arm', 'merge_install': False, 'path': '/home/mogtaba/robotic_workspace/src/industrial_robot_arm', 'symlink_install': False, 'test_result_base': None}
[5.038s] INFO:colcon.colcon_core.executor:Executing jobs using 'parallel' executor
[5.102s] DEBUG:colcon.colcon_parallel_executor.executor.parallel:run_until_complete
[5.103s] INFO:colcon.colcon_ros.task.ament_python.build:Building ROS package in '/home/mogtaba/robotic_workspace/src/industrial_robot_arm' with build type 'ament_python'
[5.103s] Level 1:colcon.colcon_core.shell:create_environment_hook('industrial_robot_arm', 'ament_prefix_path')
[5.172s] INFO:colcon.colcon_core.plugin_system:Skipping extension 'colcon_core.shell.bat': Not used on non-Windows systems
[5.172s] INFO:colcon.colcon_core.shell:Creating environment hook '/home/mogtaba/robotic_workspace/install/industrial_robot_arm/share/industrial_robot_arm/hook/ament_prefix_path.ps1'
[5.173s] INFO:colcon.colcon_core.shell:Creating environment descriptor '/home/mogtaba/robotic_workspace/install/industrial_robot_arm/share/industrial_robot_arm/hook/ament_prefix_path.dsv'
[5.174s] INFO:colcon.colcon_core.shell:Creating environment hook '/home/mogtaba/robotic_workspace/install/industrial_robot_arm/share/industrial_robot_arm/hook/ament_prefix_path.sh'
[5.230s] INFO:colcon.colcon_core.shell:Skip shell extension 'powershell' for command environment: Not usable outside of PowerShell
[5.230s] DEBUG:colcon.colcon_core.shell:Skip shell extension 'dsv' for command environment
[6.162s] INFO:colcon.colcon_core.task.python.build:Building Python package in '/home/mogtaba/robotic_workspace/src/industrial_robot_arm'
[6.213s] INFO:colcon.colcon_core.shell:Skip shell extension 'powershell' for command environment: Not usable outside of PowerShell
[6.214s] DEBUG:colcon.colcon_core.shell:Skip shell extension 'dsv' for command environment
[7.560s] DEBUG:colcon.colcon_core.event_handler.log_command:Invoking command in '/home/mogtaba/robotic_workspace/src/industrial_robot_arm': PYTHONPATH=/home/mogtaba/robotic_workspace/build/industrial_robot_arm/prefix_override:/home/mogtaba/robotic_workspace/install/industrial_robot_arm/lib/python3.10/site-packages:${PYTHONPATH} /usr/bin/python3 setup.py egg_info --egg-base ../../build/industrial_robot_arm build --build-base /home/mogtaba/robotic_workspace/build/industrial_robot_arm/build install --record /home/mogtaba/robotic_workspace/build/industrial_robot_arm/install.log --single-version-externally-managed
[8.511s] DEBUG:colcon.colcon_core.event_handler.log_command:Invoked command in '/home/mogtaba/robotic_workspace/src/industrial_robot_arm' returned '0': PYTHONPATH=/home/mogtaba/robotic_workspace/build/industrial_robot_arm/prefix_override:/home/mogtaba/robotic_workspace/install/industrial_robot_arm/lib/python3.10/site-packages:${PYTHONPATH} /usr/bin/python3 setup.py egg_info --egg-base ../../build/industrial_robot_arm build --build-base /home/mogtaba/robotic_workspace/build/industrial_robot_arm/build install --record /home/mogtaba/robotic_workspace/build/industrial_robot_arm/install.log --single-version-externally-managed
[8.571s] Level 1:colcon.colcon_core.environment:checking '/home/mogtaba/robotic_workspace/install/industrial_robot_arm' for CMake module files
[8.572s] Level 1:colcon.colcon_core.environment:checking '/home/mogtaba/robotic_workspace/install/industrial_robot_arm' for CMake config files
[8.575s] Level 1:colcon.colcon_core.environment:checking '/home/mogtaba/robotic_workspace/install/industrial_robot_arm/lib'
[8.576s] Level 1:colcon.colcon_core.environment:checking '/home/mogtaba/robotic_workspace/install/industrial_robot_arm/bin'
[8.576s] Level 1:colcon.colcon_core.environment:checking '/home/mogtaba/robotic_workspace/install/industrial_robot_arm/lib/pkgconfig/industrial_robot_arm.pc'
[8.576s] Level 1:colcon.colcon_core.environment:checking '/home/mogtaba/robotic_workspace/install/industrial_robot_arm/lib/python3.10/site-packages'
[8.577s] Level 1:colcon.colcon_core.shell:create_environment_hook('industrial_robot_arm', 'pythonpath')
[8.623s] INFO:colcon.colcon_core.shell:Creating environment hook '/home/mogtaba/robotic_workspace/install/industrial_robot_arm/share/industrial_robot_arm/hook/pythonpath.ps1'
[8.625s] INFO:colcon.colcon_core.shell:Creating environment descriptor '/home/mogtaba/robotic_workspace/install/industrial_robot_arm/share/industrial_robot_arm/hook/pythonpath.dsv'
[8.626s] INFO:colcon.colcon_core.shell:Creating environment hook '/home/mogtaba/robotic_workspace/install/industrial_robot_arm/share/industrial_robot_arm/hook/pythonpath.sh'
[8.628s] Level 1:colcon.colcon_core.environment:checking '/home/mogtaba/robotic_workspace/install/industrial_robot_arm/bin'
[8.628s] Level 1:colcon.colcon_core.environment:create_environment_scripts_only(industrial_robot_arm)
[8.680s] INFO:colcon.colcon_core.shell:Creating package script '/home/mogtaba/robotic_workspace/install/industrial_robot_arm/share/industrial_robot_arm/package.ps1'
[8.681s] INFO:colcon.colcon_core.shell:Creating package descriptor '/home/mogtaba/robotic_workspace/install/industrial_robot_arm/share/industrial_robot_arm/package.dsv'
[8.683s] INFO:colcon.colcon_core.shell:Creating package script '/home/mogtaba/robotic_workspace/install/industrial_robot_arm/share/industrial_robot_arm/package.sh'
[8.685s] INFO:colcon.colcon_core.shell:Creating package script '/home/mogtaba/robotic_workspace/install/industrial_robot_arm/share/industrial_robot_arm/package.bash'
[8.686s] INFO:colcon.colcon_core.shell:Creating package script '/home/mogtaba/robotic_workspace/install/industrial_robot_arm/share/industrial_robot_arm/package.zsh'
[8.690s] Level 1:colcon.colcon_core.environment:create_file_with_runtime_dependencies(/home/mogtaba/robotic_workspace/install/industrial_robot_arm/share/colcon-core/packages/industrial_robot_arm)
[8.691s] DEBUG:colcon.colcon_parallel_executor.executor.parallel:closing loop
[8.692s] DEBUG:colcon.colcon_parallel_executor.executor.parallel:loop closed
[8.692s] DEBUG:colcon.colcon_parallel_executor.executor.parallel:run_until_complete finished with '0'
[8.692s] DEBUG:colcon.colcon_core.event_reactor:joining thread
[8.789s] INFO:colcon.colcon_core.plugin_system:Skipping extension 'colcon_notification.desktop_notification.notify_send': Could not find 'notify-send'
[8.789s] INFO:colcon.colcon_core.plugin_system:Skipping extension 'colcon_notification.desktop_notification.terminal_notifier': Not used on non-Darwin systems
[8.789s] INFO:colcon.colcon_core.plugin_system:Skipping extension 'colcon_notification.desktop_notification.win32': Not used on non-Windows systems
[8.789s] INFO:colcon.colcon_notification.desktop_notification:Sending desktop notification using 'notify2'
[8.847s] DEBUG:colcon.colcon_notification.desktop_notification.notify2:Failed to initialize notify2: org.freedesktop.DBus.Error.ServiceUnknown: The name org.freedesktop.Notifications was not provided by any .service files
[8.847s] DEBUG:colcon.colcon_core.event_reactor:joined thread
[8.926s] INFO:colcon.colcon_core.shell:Creating prefix script '/home/mogtaba/robotic_workspace/install/local_setup.ps1'
[8.927s] INFO:colcon.colcon_core.shell:Creating prefix util module '/home/mogtaba/robotic_workspace/install/_local_setup_util_ps1.py'
[8.930s] INFO:colcon.colcon_core.shell:Creating prefix chain script '/home/mogtaba/robotic_workspace/install/setup.ps1'
[8.983s] INFO:colcon.colcon_core.shell:Creating prefix script '/home/mogtaba/robotic_workspace/install/local_setup.sh'
[8.985s] INFO:colcon.colcon_core.shell:Creating prefix util module '/home/mogtaba/robotic_workspace/install/_local_setup_util_sh.py'
[8.986s] INFO:colcon.colcon_core.shell:Creating prefix chain script '/home/mogtaba/robotic_workspace/install/setup.sh'
[9.046s] INFO:colcon.colcon_core.shell:Creating prefix script '/home/mogtaba/robotic_workspace/install/local_setup.bash'
[9.048s] INFO:colcon.colcon_core.shell:Creating prefix chain script '/home/mogtaba/robotic_workspace/install/setup.bash'
[9.105s] INFO:colcon.colcon_core.shell:Creating prefix script '/home/mogtaba/robotic_workspace/install/local_setup.zsh'
[9.107s] INFO:colcon.colcon_core.shell:Creating prefix chain script '/home/mogtaba/robotic_workspace/install/setup.zsh'
