[0.348s] Invoking command in '/home/mogtaba/robotic_workspace/build/arm_moveit_config': AMENT_PREFIX_PATH=/home/mogtaba/robotic_workspace/install/industrial_robot_arm:/home/mogtaba/robotic_workspace/install/arm_moveit_config:/opt/ros/humble CMAKE_PREFIX_PATH=${CMAKE_PREFIX_PATH}:/home/mogtaba/robotic_workspace/install/industrial_robot_arm:/opt/ros/humble /usr/bin/cmake --build /home/mogtaba/robotic_workspace/build/arm_moveit_config -- -j4 -l4
[0.590s] Invoked command in '/home/mogtaba/robotic_workspace/build/arm_moveit_config' returned '0': AMENT_PREFIX_PATH=/home/mogtaba/robotic_workspace/install/industrial_robot_arm:/home/mogtaba/robotic_workspace/install/arm_moveit_config:/opt/ros/humble CMAKE_PREFIX_PATH=${CMAKE_PREFIX_PATH}:/home/mogtaba/robotic_workspace/install/industrial_robot_arm:/opt/ros/humble /usr/bin/cmake --build /home/mogtaba/robotic_workspace/build/arm_moveit_config -- -j4 -l4
[1.109s] Invoking command in '/home/mogtaba/robotic_workspace/build/arm_moveit_config': AMENT_PREFIX_PATH=/home/mogtaba/robotic_workspace/install/industrial_robot_arm:/home/mogtaba/robotic_workspace/install/arm_moveit_config:/opt/ros/humble CMAKE_PREFIX_PATH=${CMAKE_PREFIX_PATH}:/home/mogtaba/robotic_workspace/install/industrial_robot_arm:/opt/ros/humble /usr/bin/cmake --install /home/mogtaba/robotic_workspace/build/arm_moveit_config
[1.153s] -- Install configuration: ""
[1.154s] -- Up-to-date: /home/mogtaba/robotic_workspace/install/arm_moveit_config/share/ament_index/resource_index/package_run_dependencies/arm_moveit_config
[1.154s] -- Up-to-date: /home/mogtaba/robotic_workspace/install/arm_moveit_config/share/ament_index/resource_index/parent_prefix_path/arm_moveit_config
[1.155s] -- Up-to-date: /home/mogtaba/robotic_workspace/install/arm_moveit_config/share/arm_moveit_config/environment/ament_prefix_path.sh
[1.172s] -- Up-to-date: /home/mogtaba/robotic_workspace/install/arm_moveit_config/share/arm_moveit_config/environment/ament_prefix_path.dsv
[1.175s] -- Up-to-date: /home/mogtaba/robotic_workspace/install/arm_moveit_config/share/arm_moveit_config/environment/path.sh
[1.176s] -- Up-to-date: /home/mogtaba/robotic_workspace/install/arm_moveit_config/share/arm_moveit_config/environment/path.dsv
[1.176s] -- Up-to-date: /home/mogtaba/robotic_workspace/install/arm_moveit_config/share/arm_moveit_config/local_setup.bash
[1.177s] -- Up-to-date: /home/mogtaba/robotic_workspace/install/arm_moveit_config/share/arm_moveit_config/local_setup.sh
[1.177s] -- Up-to-date: /home/mogtaba/robotic_workspace/install/arm_moveit_config/share/arm_moveit_config/local_setup.zsh
[1.178s] -- Up-to-date: /home/mogtaba/robotic_workspace/install/arm_moveit_config/share/arm_moveit_config/local_setup.dsv
[1.178s] -- Installing: /home/mogtaba/robotic_workspace/install/arm_moveit_config/share/arm_moveit_config/package.dsv
[1.178s] -- Up-to-date: /home/mogtaba/robotic_workspace/install/arm_moveit_config/share/ament_index/resource_index/packages/arm_moveit_config
[1.178s] -- Up-to-date: /home/mogtaba/robotic_workspace/install/arm_moveit_config/share/arm_moveit_config/cmake/arm_moveit_configConfig.cmake
[1.178s] -- Up-to-date: /home/mogtaba/robotic_workspace/install/arm_moveit_config/share/arm_moveit_config/cmake/arm_moveit_configConfig-version.cmake
[1.179s] -- Up-to-date: /home/mogtaba/robotic_workspace/install/arm_moveit_config/share/arm_moveit_config/package.xml
[1.179s] -- Up-to-date: /home/mogtaba/robotic_workspace/install/arm_moveit_config/share/arm_moveit_config/launch
[1.179s] -- Up-to-date: /home/mogtaba/robotic_workspace/install/arm_moveit_config/share/arm_moveit_config/launch/demo.launch.py
[1.179s] -- Up-to-date: /home/mogtaba/robotic_workspace/install/arm_moveit_config/share/arm_moveit_config/launch/moveit_rviz.launch.py
[1.179s] -- Up-to-date: /home/mogtaba/robotic_workspace/install/arm_moveit_config/share/arm_moveit_config/launch/move_group.launch.py
[1.179s] -- Up-to-date: /home/mogtaba/robotic_workspace/install/arm_moveit_config/share/arm_moveit_config/launch/rsp.launch.py
[1.180s] -- Up-to-date: /home/mogtaba/robotic_workspace/install/arm_moveit_config/share/arm_moveit_config/launch/setup_assistant.launch.py
[1.180s] -- Up-to-date: /home/mogtaba/robotic_workspace/install/arm_moveit_config/share/arm_moveit_config/launch/spawn_controllers.launch.py
[1.180s] -- Up-to-date: /home/mogtaba/robotic_workspace/install/arm_moveit_config/share/arm_moveit_config/launch/static_virtual_joint_tfs.launch.py
[1.180s] -- Up-to-date: /home/mogtaba/robotic_workspace/install/arm_moveit_config/share/arm_moveit_config/launch/warehouse_db.launch.py
[1.180s] -- Up-to-date: /home/mogtaba/robotic_workspace/install/arm_moveit_config/share/arm_moveit_config/config
[1.181s] -- Up-to-date: /home/mogtaba/robotic_workspace/install/arm_moveit_config/share/arm_moveit_config/config/industrial_robot_arm.ros2_control.xacro
[1.181s] -- Up-to-date: /home/mogtaba/robotic_workspace/install/arm_moveit_config/share/arm_moveit_config/config/industrial_robot_arm.srdf
[1.181s] -- Installing: /home/mogtaba/robotic_workspace/install/arm_moveit_config/share/arm_moveit_config/config/industrial_robot_arm.urdf.xacro
[1.181s] -- Installing: /home/mogtaba/robotic_workspace/install/arm_moveit_config/share/arm_moveit_config/config/industrial_robot_arm_moveit.gazebo
[1.189s] -- Up-to-date: /home/mogtaba/robotic_workspace/install/arm_moveit_config/share/arm_moveit_config/config/initial_positions.yaml
[1.189s] -- Up-to-date: /home/mogtaba/robotic_workspace/install/arm_moveit_config/share/arm_moveit_config/config/joint_limits.yaml
[1.190s] -- Up-to-date: /home/mogtaba/robotic_workspace/install/arm_moveit_config/share/arm_moveit_config/config/kinematics.yaml
[1.190s] -- Up-to-date: /home/mogtaba/robotic_workspace/install/arm_moveit_config/share/arm_moveit_config/config/moveit.rviz
[1.190s] -- Up-to-date: /home/mogtaba/robotic_workspace/install/arm_moveit_config/share/arm_moveit_config/config/moveit_controllers.yaml
[1.190s] -- Up-to-date: /home/mogtaba/robotic_workspace/install/arm_moveit_config/share/arm_moveit_config/config/pilz_cartesian_limits.yaml
[1.191s] -- Up-to-date: /home/mogtaba/robotic_workspace/install/arm_moveit_config/share/arm_moveit_config/config/ros2_controllers.yaml
[1.191s] -- Up-to-date: /home/mogtaba/robotic_workspace/install/arm_moveit_config/share/arm_moveit_config/.setup_assistant
[1.197s] Invoked command in '/home/mogtaba/robotic_workspace/build/arm_moveit_config' returned '0': AMENT_PREFIX_PATH=/home/mogtaba/robotic_workspace/install/industrial_robot_arm:/home/mogtaba/robotic_workspace/install/arm_moveit_config:/opt/ros/humble CMAKE_PREFIX_PATH=${CMAKE_PREFIX_PATH}:/home/mogtaba/robotic_workspace/install/industrial_robot_arm:/opt/ros/humble /usr/bin/cmake --install /home/mogtaba/robotic_workspace/build/arm_moveit_config
