[2.941s] DEBUG:colcon:Command line arguments: ['/usr/bin/colcon', 'build']
[2.941s] DEBUG:colcon:Parsed command line arguments: Namespace(log_base=None, log_level=None, verb_name='build', build_base='build', install_base='install', merge_install=False, symlink_install=False, test_result_base=None, continue_on_error=False, executor='parallel', parallel_workers=4, event_handlers=None, ignore_user_meta=False, metas=['./colcon.meta'], base_paths=['.'], packages_ignore=None, packages_ignore_regex=None, paths=None, packages_up_to=None, packages_up_to_regex=None, packages_above=None, packages_above_and_dependencies=None, packages_above_depth=None, packages_select_by_dep=None, packages_skip_by_dep=None, packages_skip_up_to=None, packages_select_build_failed=False, packages_skip_build_finished=False, packages_select_test_failures=False, packages_skip_test_passed=False, packages_select=None, packages_skip=None, packages_select_regex=None, packages_skip_regex=None, packages_start=None, packages_end=None, allow_overriding=[], cmake_args=None, cmake_target=None, cmake_target_skip_unavailable=False, cmake_clean_cache=False, cmake_clean_first=False, cmake_force_configure=False, ament_cmake_args=None, catkin_cmake_args=None, catkin_skip_building_tests=False, verb_parser=<colcon_defaults.argument_parser.defaults.DefaultArgumentsDecorator object at 0x7fca46efc250>, verb_extension=<colcon_core.verb.build.BuildVerb object at 0x7fca47181540>, main=<bound method BuildVerb.main of <colcon_core.verb.build.BuildVerb object at 0x7fca47181540>>)
[3.077s] Level 1:colcon.colcon_core.package_discovery:discover_packages(colcon_meta) check parameters
[3.077s] Level 1:colcon.colcon_core.package_discovery:discover_packages(recursive) check parameters
[3.077s] Level 1:colcon.colcon_core.package_discovery:discover_packages(ignore) check parameters
[3.077s] Level 1:colcon.colcon_core.package_discovery:discover_packages(path) check parameters
[3.077s] Level 1:colcon.colcon_core.package_discovery:discover_packages(colcon_meta) discover
[3.077s] Level 1:colcon.colcon_core.package_discovery:discover_packages(recursive) discover
[3.077s] INFO:colcon.colcon_core.package_discovery:Crawling recursively for packages in '/home/mogtaba/robotic_workspace'
[3.078s] Level 1:colcon.colcon_core.package_identification:_identify(.) by extensions ['ignore', 'ignore_ament_install']
[3.078s] Level 1:colcon.colcon_core.package_identification:_identify(.) by extension 'ignore'
[3.078s] Level 1:colcon.colcon_core.package_identification:_identify(.) by extension 'ignore_ament_install'
[3.078s] Level 1:colcon.colcon_core.package_identification:_identify(.) by extensions ['colcon_pkg']
[3.078s] Level 1:colcon.colcon_core.package_identification:_identify(.) by extension 'colcon_pkg'
[3.078s] Level 1:colcon.colcon_core.package_identification:_identify(.) by extensions ['colcon_meta']
[3.078s] Level 1:colcon.colcon_core.package_identification:_identify(.) by extension 'colcon_meta'
[3.079s] Level 1:colcon.colcon_core.package_identification:_identify(.) by extensions ['ros']
[3.079s] Level 1:colcon.colcon_core.package_identification:_identify(.) by extension 'ros'
[3.098s] Level 1:colcon.colcon_core.package_identification:_identify(.) by extensions ['cmake', 'python']
[3.098s] Level 1:colcon.colcon_core.package_identification:_identify(.) by extension 'cmake'
[3.098s] Level 1:colcon.colcon_core.package_identification:_identify(.) by extension 'python'
[3.098s] Level 1:colcon.colcon_core.package_identification:_identify(.) by extensions ['python_setup_py']
[3.098s] Level 1:colcon.colcon_core.package_identification:_identify(.) by extension 'python_setup_py'
[3.099s] Level 1:colcon.colcon_core.package_identification:_identify(build) by extensions ['ignore', 'ignore_ament_install']
[3.099s] Level 1:colcon.colcon_core.package_identification:_identify(build) by extension 'ignore'
[3.099s] Level 1:colcon.colcon_core.package_identification:_identify(build) ignored
[3.100s] Level 1:colcon.colcon_core.package_identification:_identify(install) by extensions ['ignore', 'ignore_ament_install']
[3.100s] Level 1:colcon.colcon_core.package_identification:_identify(install) by extension 'ignore'
[3.100s] Level 1:colcon.colcon_core.package_identification:_identify(install) ignored
[3.101s] Level 1:colcon.colcon_core.package_identification:_identify(log) by extensions ['ignore', 'ignore_ament_install']
[3.101s] Level 1:colcon.colcon_core.package_identification:_identify(log) by extension 'ignore'
[3.101s] Level 1:colcon.colcon_core.package_identification:_identify(log) ignored
[3.101s] Level 1:colcon.colcon_core.package_identification:_identify(src) by extensions ['ignore', 'ignore_ament_install']
[3.102s] Level 1:colcon.colcon_core.package_identification:_identify(src) by extension 'ignore'
[3.102s] Level 1:colcon.colcon_core.package_identification:_identify(src) by extension 'ignore_ament_install'
[3.102s] Level 1:colcon.colcon_core.package_identification:_identify(src) by extensions ['colcon_pkg']
[3.102s] Level 1:colcon.colcon_core.package_identification:_identify(src) by extension 'colcon_pkg'
[3.102s] Level 1:colcon.colcon_core.package_identification:_identify(src) by extensions ['colcon_meta']
[3.103s] Level 1:colcon.colcon_core.package_identification:_identify(src) by extension 'colcon_meta'
[3.103s] Level 1:colcon.colcon_core.package_identification:_identify(src) by extensions ['ros']
[3.103s] Level 1:colcon.colcon_core.package_identification:_identify(src) by extension 'ros'
[3.103s] Level 1:colcon.colcon_core.package_identification:_identify(src) by extensions ['cmake', 'python']
[3.103s] Level 1:colcon.colcon_core.package_identification:_identify(src) by extension 'cmake'
[3.103s] Level 1:colcon.colcon_core.package_identification:_identify(src) by extension 'python'
[3.103s] Level 1:colcon.colcon_core.package_identification:_identify(src) by extensions ['python_setup_py']
[3.103s] Level 1:colcon.colcon_core.package_identification:_identify(src) by extension 'python_setup_py'
[3.104s] Level 1:colcon.colcon_core.package_identification:_identify(src/industrial_robot_arm) by extensions ['ignore', 'ignore_ament_install']
[3.104s] Level 1:colcon.colcon_core.package_identification:_identify(src/industrial_robot_arm) by extension 'ignore'
[3.104s] Level 1:colcon.colcon_core.package_identification:_identify(src/industrial_robot_arm) by extension 'ignore_ament_install'
[3.104s] Level 1:colcon.colcon_core.package_identification:_identify(src/industrial_robot_arm) by extensions ['colcon_pkg']
[3.105s] Level 1:colcon.colcon_core.package_identification:_identify(src/industrial_robot_arm) by extension 'colcon_pkg'
[3.105s] Level 1:colcon.colcon_core.package_identification:_identify(src/industrial_robot_arm) by extensions ['colcon_meta']
[3.105s] Level 1:colcon.colcon_core.package_identification:_identify(src/industrial_robot_arm) by extension 'colcon_meta'
[3.105s] Level 1:colcon.colcon_core.package_identification:_identify(src/industrial_robot_arm) by extensions ['ros']
[3.105s] Level 1:colcon.colcon_core.package_identification:_identify(src/industrial_robot_arm) by extension 'ros'
[3.109s] DEBUG:colcon.colcon_core.package_identification:Package 'src/industrial_robot_arm' with type 'ros.ament_python' and name 'industrial_robot_arm'
[3.109s] Level 1:colcon.colcon_core.package_discovery:discover_packages(recursive) using defaults
[3.109s] Level 1:colcon.colcon_core.package_discovery:discover_packages(ignore) discover
[3.109s] Level 1:colcon.colcon_core.package_discovery:discover_packages(ignore) using defaults
[3.109s] Level 1:colcon.colcon_core.package_discovery:discover_packages(path) discover
[3.109s] Level 1:colcon.colcon_core.package_discovery:discover_packages(path) using defaults
[3.413s] Level 1:colcon.colcon_core.package_discovery:discover_packages(prefix_path) check parameters
[3.413s] Level 1:colcon.colcon_core.package_discovery:discover_packages(prefix_path) discover
[3.497s] DEBUG:colcon.colcon_installed_package_information.package_discovery:Found 1 installed packages in /home/mogtaba/robotic_workspace/install
[3.544s] DEBUG:colcon.colcon_installed_package_information.package_discovery:Found 297 installed packages in /opt/ros/humble
[3.546s] Level 1:colcon.colcon_core.package_discovery:discover_packages(prefix_path) using defaults
[3.827s] Level 5:colcon.colcon_core.verb:set package 'industrial_robot_arm' build argument 'cmake_args' from command line to 'None'
[3.827s] Level 5:colcon.colcon_core.verb:set package 'industrial_robot_arm' build argument 'cmake_target' from command line to 'None'
[3.827s] Level 5:colcon.colcon_core.verb:set package 'industrial_robot_arm' build argument 'cmake_target_skip_unavailable' from command line to 'False'
[3.827s] Level 5:colcon.colcon_core.verb:set package 'industrial_robot_arm' build argument 'cmake_clean_cache' from command line to 'False'
[3.827s] Level 5:colcon.colcon_core.verb:set package 'industrial_robot_arm' build argument 'cmake_clean_first' from command line to 'False'
[3.827s] Level 5:colcon.colcon_core.verb:set package 'industrial_robot_arm' build argument 'cmake_force_configure' from command line to 'False'
[3.827s] Level 5:colcon.colcon_core.verb:set package 'industrial_robot_arm' build argument 'ament_cmake_args' from command line to 'None'
[3.828s] Level 5:colcon.colcon_core.verb:set package 'industrial_robot_arm' build argument 'catkin_cmake_args' from command line to 'None'
[3.828s] Level 5:colcon.colcon_core.verb:set package 'industrial_robot_arm' build argument 'catkin_skip_building_tests' from command line to 'False'
[3.828s] DEBUG:colcon.colcon_core.verb:Building package 'industrial_robot_arm' with the following arguments: {'ament_cmake_args': None, 'build_base': '/home/mogtaba/robotic_workspace/build/industrial_robot_arm', 'catkin_cmake_args': None, 'catkin_skip_building_tests': False, 'cmake_args': None, 'cmake_clean_cache': False, 'cmake_clean_first': False, 'cmake_force_configure': False, 'cmake_target': None, 'cmake_target_skip_unavailable': False, 'install_base': '/home/mogtaba/robotic_workspace/install/industrial_robot_arm', 'merge_install': False, 'path': '/home/mogtaba/robotic_workspace/src/industrial_robot_arm', 'symlink_install': False, 'test_result_base': None}
[3.869s] INFO:colcon.colcon_core.executor:Executing jobs using 'parallel' executor
[3.909s] DEBUG:colcon.colcon_parallel_executor.executor.parallel:run_until_complete
[3.909s] INFO:colcon.colcon_ros.task.ament_python.build:Building ROS package in '/home/mogtaba/robotic_workspace/src/industrial_robot_arm' with build type 'ament_python'
[3.910s] Level 1:colcon.colcon_core.shell:create_environment_hook('industrial_robot_arm', 'ament_prefix_path')
[3.976s] INFO:colcon.colcon_core.plugin_system:Skipping extension 'colcon_core.shell.bat': Not used on non-Windows systems
[3.977s] INFO:colcon.colcon_core.shell:Creating environment hook '/home/mogtaba/robotic_workspace/install/industrial_robot_arm/share/industrial_robot_arm/hook/ament_prefix_path.ps1'
[3.978s] INFO:colcon.colcon_core.shell:Creating environment descriptor '/home/mogtaba/robotic_workspace/install/industrial_robot_arm/share/industrial_robot_arm/hook/ament_prefix_path.dsv'
[3.980s] INFO:colcon.colcon_core.shell:Creating environment hook '/home/mogtaba/robotic_workspace/install/industrial_robot_arm/share/industrial_robot_arm/hook/ament_prefix_path.sh'
[4.039s] INFO:colcon.colcon_core.shell:Skip shell extension 'powershell' for command environment: Not usable outside of PowerShell
[4.039s] DEBUG:colcon.colcon_core.shell:Skip shell extension 'dsv' for command environment
[5.024s] INFO:colcon.colcon_core.task.python.build:Building Python package in '/home/mogtaba/robotic_workspace/src/industrial_robot_arm'
[5.065s] INFO:colcon.colcon_core.shell:Skip shell extension 'powershell' for command environment: Not usable outside of PowerShell
[5.065s] DEBUG:colcon.colcon_core.shell:Skip shell extension 'dsv' for command environment
[6.255s] DEBUG:colcon.colcon_core.event_handler.log_command:Invoking command in '/home/mogtaba/robotic_workspace/src/industrial_robot_arm': PYTHONPATH=/home/mogtaba/robotic_workspace/build/industrial_robot_arm/prefix_override:/home/mogtaba/robotic_workspace/install/industrial_robot_arm/lib/python3.10/site-packages:${PYTHONPATH} /usr/bin/python3 setup.py egg_info --egg-base ../../build/industrial_robot_arm build --build-base /home/mogtaba/robotic_workspace/build/industrial_robot_arm/build install --record /home/mogtaba/robotic_workspace/build/industrial_robot_arm/install.log --single-version-externally-managed
[7.075s] DEBUG:colcon.colcon_core.event_handler.log_command:Invoked command in '/home/mogtaba/robotic_workspace/src/industrial_robot_arm' returned '0': PYTHONPATH=/home/mogtaba/robotic_workspace/build/industrial_robot_arm/prefix_override:/home/mogtaba/robotic_workspace/install/industrial_robot_arm/lib/python3.10/site-packages:${PYTHONPATH} /usr/bin/python3 setup.py egg_info --egg-base ../../build/industrial_robot_arm build --build-base /home/mogtaba/robotic_workspace/build/industrial_robot_arm/build install --record /home/mogtaba/robotic_workspace/build/industrial_robot_arm/install.log --single-version-externally-managed
[7.138s] Level 1:colcon.colcon_core.environment:checking '/home/mogtaba/robotic_workspace/install/industrial_robot_arm' for CMake module files
[7.140s] Level 1:colcon.colcon_core.environment:checking '/home/mogtaba/robotic_workspace/install/industrial_robot_arm' for CMake config files
[7.143s] Level 1:colcon.colcon_core.environment:checking '/home/mogtaba/robotic_workspace/install/industrial_robot_arm/lib'
[7.144s] Level 1:colcon.colcon_core.environment:checking '/home/mogtaba/robotic_workspace/install/industrial_robot_arm/bin'
[7.144s] Level 1:colcon.colcon_core.environment:checking '/home/mogtaba/robotic_workspace/install/industrial_robot_arm/lib/pkgconfig/industrial_robot_arm.pc'
[7.144s] Level 1:colcon.colcon_core.environment:checking '/home/mogtaba/robotic_workspace/install/industrial_robot_arm/lib/python3.10/site-packages'
[7.145s] Level 1:colcon.colcon_core.shell:create_environment_hook('industrial_robot_arm', 'pythonpath')
[7.192s] INFO:colcon.colcon_core.shell:Creating environment hook '/home/mogtaba/robotic_workspace/install/industrial_robot_arm/share/industrial_robot_arm/hook/pythonpath.ps1'
[7.194s] INFO:colcon.colcon_core.shell:Creating environment descriptor '/home/mogtaba/robotic_workspace/install/industrial_robot_arm/share/industrial_robot_arm/hook/pythonpath.dsv'
[7.196s] INFO:colcon.colcon_core.shell:Creating environment hook '/home/mogtaba/robotic_workspace/install/industrial_robot_arm/share/industrial_robot_arm/hook/pythonpath.sh'
[7.199s] Level 1:colcon.colcon_core.environment:checking '/home/mogtaba/robotic_workspace/install/industrial_robot_arm/bin'
[7.199s] Level 1:colcon.colcon_core.environment:create_environment_scripts_only(industrial_robot_arm)
[7.248s] INFO:colcon.colcon_core.shell:Creating package script '/home/mogtaba/robotic_workspace/install/industrial_robot_arm/share/industrial_robot_arm/package.ps1'
[7.249s] INFO:colcon.colcon_core.shell:Creating package descriptor '/home/mogtaba/robotic_workspace/install/industrial_robot_arm/share/industrial_robot_arm/package.dsv'
[7.252s] INFO:colcon.colcon_core.shell:Creating package script '/home/mogtaba/robotic_workspace/install/industrial_robot_arm/share/industrial_robot_arm/package.sh'
[7.254s] INFO:colcon.colcon_core.shell:Creating package script '/home/mogtaba/robotic_workspace/install/industrial_robot_arm/share/industrial_robot_arm/package.bash'
[7.255s] INFO:colcon.colcon_core.shell:Creating package script '/home/mogtaba/robotic_workspace/install/industrial_robot_arm/share/industrial_robot_arm/package.zsh'
[7.257s] Level 1:colcon.colcon_core.environment:create_file_with_runtime_dependencies(/home/mogtaba/robotic_workspace/install/industrial_robot_arm/share/colcon-core/packages/industrial_robot_arm)
[7.259s] DEBUG:colcon.colcon_parallel_executor.executor.parallel:closing loop
[7.260s] DEBUG:colcon.colcon_parallel_executor.executor.parallel:loop closed
[7.260s] DEBUG:colcon.colcon_parallel_executor.executor.parallel:run_until_complete finished with '0'
[7.260s] DEBUG:colcon.colcon_core.event_reactor:joining thread
[7.352s] INFO:colcon.colcon_core.plugin_system:Skipping extension 'colcon_notification.desktop_notification.notify_send': Could not find 'notify-send'
[7.352s] INFO:colcon.colcon_core.plugin_system:Skipping extension 'colcon_notification.desktop_notification.terminal_notifier': Not used on non-Darwin systems
[7.353s] INFO:colcon.colcon_core.plugin_system:Skipping extension 'colcon_notification.desktop_notification.win32': Not used on non-Windows systems
[7.353s] INFO:colcon.colcon_notification.desktop_notification:Sending desktop notification using 'notify2'
[7.404s] DEBUG:colcon.colcon_notification.desktop_notification.notify2:Failed to initialize notify2: org.freedesktop.DBus.Error.ServiceUnknown: The name org.freedesktop.Notifications was not provided by any .service files
[7.406s] DEBUG:colcon.colcon_core.event_reactor:joined thread
[7.452s] INFO:colcon.colcon_core.shell:Creating prefix script '/home/mogtaba/robotic_workspace/install/local_setup.ps1'
[7.454s] INFO:colcon.colcon_core.shell:Creating prefix util module '/home/mogtaba/robotic_workspace/install/_local_setup_util_ps1.py'
[7.456s] INFO:colcon.colcon_core.shell:Creating prefix chain script '/home/mogtaba/robotic_workspace/install/setup.ps1'
[7.504s] INFO:colcon.colcon_core.shell:Creating prefix script '/home/mogtaba/robotic_workspace/install/local_setup.sh'
[7.505s] INFO:colcon.colcon_core.shell:Creating prefix util module '/home/mogtaba/robotic_workspace/install/_local_setup_util_sh.py'
[7.507s] INFO:colcon.colcon_core.shell:Creating prefix chain script '/home/mogtaba/robotic_workspace/install/setup.sh'
[7.552s] INFO:colcon.colcon_core.shell:Creating prefix script '/home/mogtaba/robotic_workspace/install/local_setup.bash'
[7.554s] INFO:colcon.colcon_core.shell:Creating prefix chain script '/home/mogtaba/robotic_workspace/install/setup.bash'
[7.599s] INFO:colcon.colcon_core.shell:Creating prefix script '/home/mogtaba/robotic_workspace/install/local_setup.zsh'
[7.601s] INFO:colcon.colcon_core.shell:Creating prefix chain script '/home/mogtaba/robotic_workspace/install/setup.zsh'
