[0.369s] Invoking command in '/home/mogtaba/robotic_workspace/build/arm_moveit_config': AMENT_PREFIX_PATH=/home/mogtaba/robotic_workspace/install/industrial_robot_arm:/home/mogtaba/robotic_workspace/install/arm_moveit_config:/opt/ros/humble CMAKE_PREFIX_PATH=${CMAKE_PREFIX_PATH}:/home/mogtaba/robotic_workspace/install/industrial_robot_arm:/opt/ros/humble /usr/bin/cmake --build /home/mogtaba/robotic_workspace/build/arm_moveit_config -- -j4 -l4
[0.658s] Invoked command in '/home/mogtaba/robotic_workspace/build/arm_moveit_config' returned '0': AMENT_PREFIX_PATH=/home/mogtaba/robotic_workspace/install/industrial_robot_arm:/home/mogtaba/robotic_workspace/install/arm_moveit_config:/opt/ros/humble CMAKE_PREFIX_PATH=${CMAKE_PREFIX_PATH}:/home/mogtaba/robotic_workspace/install/industrial_robot_arm:/opt/ros/humble /usr/bin/cmake --build /home/mogtaba/robotic_workspace/build/arm_moveit_config -- -j4 -l4
[1.004s] Invoking command in '/home/mogtaba/robotic_workspace/build/arm_moveit_config': AMENT_PREFIX_PATH=/home/mogtaba/robotic_workspace/install/industrial_robot_arm:/home/mogtaba/robotic_workspace/install/arm_moveit_config:/opt/ros/humble CMAKE_PREFIX_PATH=${CMAKE_PREFIX_PATH}:/home/mogtaba/robotic_workspace/install/industrial_robot_arm:/opt/ros/humble /usr/bin/cmake --install /home/mogtaba/robotic_workspace/build/arm_moveit_config
[1.067s] -- Install configuration: ""
[1.067s] -- Up-to-date: /home/mogtaba/robotic_workspace/install/arm_moveit_config/share/ament_index/resource_index/package_run_dependencies/arm_moveit_config
[1.069s] -- Up-to-date: /home/mogtaba/robotic_workspace/install/arm_moveit_config/share/ament_index/resource_index/parent_prefix_path/arm_moveit_config
[1.073s] -- Up-to-date: /home/mogtaba/robotic_workspace/install/arm_moveit_config/share/arm_moveit_config/environment/ament_prefix_path.sh
[1.074s] -- Up-to-date: /home/mogtaba/robotic_workspace/install/arm_moveit_config/share/arm_moveit_config/environment/ament_prefix_path.dsv
[1.076s] -- Up-to-date: /home/mogtaba/robotic_workspace/install/arm_moveit_config/share/arm_moveit_config/environment/path.sh
[1.077s] -- Up-to-date: /home/mogtaba/robotic_workspace/install/arm_moveit_config/share/arm_moveit_config/environment/path.dsv
[1.077s] -- Up-to-date: /home/mogtaba/robotic_workspace/install/arm_moveit_config/share/arm_moveit_config/local_setup.bash
[1.077s] -- Up-to-date: /home/mogtaba/robotic_workspace/install/arm_moveit_config/share/arm_moveit_config/local_setup.sh
[1.078s] -- Up-to-date: /home/mogtaba/robotic_workspace/install/arm_moveit_config/share/arm_moveit_config/local_setup.zsh
[1.078s] -- Up-to-date: /home/mogtaba/robotic_workspace/install/arm_moveit_config/share/arm_moveit_config/local_setup.dsv
[1.078s] -- Installing: /home/mogtaba/robotic_workspace/install/arm_moveit_config/share/arm_moveit_config/package.dsv
[1.083s] -- Up-to-date: /home/mogtaba/robotic_workspace/install/arm_moveit_config/share/ament_index/resource_index/packages/arm_moveit_config
[1.084s] -- Up-to-date: /home/mogtaba/robotic_workspace/install/arm_moveit_config/share/arm_moveit_config/cmake/arm_moveit_configConfig.cmake
[1.084s] -- Up-to-date: /home/mogtaba/robotic_workspace/install/arm_moveit_config/share/arm_moveit_config/cmake/arm_moveit_configConfig-version.cmake
[1.084s] -- Up-to-date: /home/mogtaba/robotic_workspace/install/arm_moveit_config/share/arm_moveit_config/package.xml
[1.084s] -- Up-to-date: /home/mogtaba/robotic_workspace/install/arm_moveit_config/share/arm_moveit_config/launch
[1.084s] -- Up-to-date: /home/mogtaba/robotic_workspace/install/arm_moveit_config/share/arm_moveit_config/launch/demo.launch.py
[1.084s] -- Up-to-date: /home/mogtaba/robotic_workspace/install/arm_moveit_config/share/arm_moveit_config/launch/moveit_rviz.launch.py
[1.085s] -- Up-to-date: /home/mogtaba/robotic_workspace/install/arm_moveit_config/share/arm_moveit_config/launch/move_group.launch.py
[1.085s] -- Up-to-date: /home/mogtaba/robotic_workspace/install/arm_moveit_config/share/arm_moveit_config/launch/rsp.launch.py
[1.085s] -- Up-to-date: /home/mogtaba/robotic_workspace/install/arm_moveit_config/share/arm_moveit_config/launch/setup_assistant.launch.py
[1.086s] -- Up-to-date: /home/mogtaba/robotic_workspace/install/arm_moveit_config/share/arm_moveit_config/launch/spawn_controllers.launch.py
[1.086s] -- Up-to-date: /home/mogtaba/robotic_workspace/install/arm_moveit_config/share/arm_moveit_config/launch/static_virtual_joint_tfs.launch.py
[1.087s] -- Up-to-date: /home/mogtaba/robotic_workspace/install/arm_moveit_config/share/arm_moveit_config/launch/warehouse_db.launch.py
[1.087s] -- Up-to-date: /home/mogtaba/robotic_workspace/install/arm_moveit_config/share/arm_moveit_config/config
[1.087s] -- Up-to-date: /home/mogtaba/robotic_workspace/install/arm_moveit_config/share/arm_moveit_config/config/industrial_robot_arm.ros2_control.xacro
[1.088s] -- Up-to-date: /home/mogtaba/robotic_workspace/install/arm_moveit_config/share/arm_moveit_config/config/industrial_robot_arm.srdf
[1.088s] -- Up-to-date: /home/mogtaba/robotic_workspace/install/arm_moveit_config/share/arm_moveit_config/config/industrial_robot_arm.urdf.xacro
[1.088s] -- Up-to-date: /home/mogtaba/robotic_workspace/install/arm_moveit_config/share/arm_moveit_config/config/industrial_robot_arm_moveit.gazebo
[1.088s] -- Installing: /home/mogtaba/robotic_workspace/install/arm_moveit_config/share/arm_moveit_config/config/initial_positions.yaml
[1.089s] -- Installing: /home/mogtaba/robotic_workspace/install/arm_moveit_config/share/arm_moveit_config/config/joint_limits.yaml
[1.094s] -- Up-to-date: /home/mogtaba/robotic_workspace/install/arm_moveit_config/share/arm_moveit_config/config/kinematics.yaml
[1.094s] -- Up-to-date: /home/mogtaba/robotic_workspace/install/arm_moveit_config/share/arm_moveit_config/config/moveit.rviz
[1.095s] -- Installing: /home/mogtaba/robotic_workspace/install/arm_moveit_config/share/arm_moveit_config/config/moveit_controllers.yaml
[1.111s] -- Up-to-date: /home/mogtaba/robotic_workspace/install/arm_moveit_config/share/arm_moveit_config/config/pilz_cartesian_limits.yaml
[1.111s] -- Up-to-date: /home/mogtaba/robotic_workspace/install/arm_moveit_config/share/arm_moveit_config/config/ros2_controllers.yaml
[1.112s] -- Up-to-date: /home/mogtaba/robotic_workspace/install/arm_moveit_config/share/arm_moveit_config/.setup_assistant
[1.119s] Invoked command in '/home/mogtaba/robotic_workspace/build/arm_moveit_config' returned '0': AMENT_PREFIX_PATH=/home/mogtaba/robotic_workspace/install/industrial_robot_arm:/home/mogtaba/robotic_workspace/install/arm_moveit_config:/opt/ros/humble CMAKE_PREFIX_PATH=${CMAKE_PREFIX_PATH}:/home/mogtaba/robotic_workspace/install/industrial_robot_arm:/opt/ros/humble /usr/bin/cmake --install /home/mogtaba/robotic_workspace/build/arm_moveit_config
