/home/mogtaba/robotic_workspace/install/industrial_robot_arm/lib/python3.10/site-packages/industrial_robot_arm/controller_test.py
/home/mogtaba/robotic_workspace/install/industrial_robot_arm/lib/python3.10/site-packages/industrial_robot_arm/__init__.py
/home/mogtaba/robotic_workspace/install/industrial_robot_arm/lib/python3.10/site-packages/industrial_robot_arm/__pycache__/controller_test.cpython-310.pyc
/home/mogtaba/robotic_workspace/install/industrial_robot_arm/lib/python3.10/site-packages/industrial_robot_arm/__pycache__/__init__.cpython-310.pyc
/home/mogtaba/robotic_workspace/install/industrial_robot_arm/share/ament_index/resource_index/packages/industrial_robot_arm
/home/mogtaba/robotic_workspace/install/industrial_robot_arm/share/industrial_robot_arm/package.xml
/home/mogtaba/robotic_workspace/install/industrial_robot_arm/share/industrial_robot_arm/launch/controller.launch.py
/home/mogtaba/robotic_workspace/install/industrial_robot_arm/share/industrial_robot_arm/launch/gazebo.launch.py
/home/mogtaba/robotic_workspace/install/industrial_robot_arm/share/industrial_robot_arm/launch/rsp.launch.py
/home/mogtaba/robotic_workspace/install/industrial_robot_arm/share/industrial_robot_arm/launch/rviz.launch.py
/home/mogtaba/robotic_workspace/install/industrial_robot_arm/share/industrial_robot_arm/urdf/industrial_robot_arm.gazebo
/home/mogtaba/robotic_workspace/install/industrial_robot_arm/share/industrial_robot_arm/urdf/industrial_robot_arm.trans
/home/mogtaba/robotic_workspace/install/industrial_robot_arm/share/industrial_robot_arm/urdf/industrial_robot_arm.urdf
/home/mogtaba/robotic_workspace/install/industrial_robot_arm/share/industrial_robot_arm/urdf/industrial_robot_arm.xacro
/home/mogtaba/robotic_workspace/install/industrial_robot_arm/share/industrial_robot_arm/urdf/industrial_robot_arm_moveit.urdf
/home/mogtaba/robotic_workspace/install/industrial_robot_arm/share/industrial_robot_arm/meshes/base_link.stl
/home/mogtaba/robotic_workspace/install/industrial_robot_arm/share/industrial_robot_arm/meshes/gripper_1.stl
/home/mogtaba/robotic_workspace/install/industrial_robot_arm/share/industrial_robot_arm/meshes/link1_1.stl
/home/mogtaba/robotic_workspace/install/industrial_robot_arm/share/industrial_robot_arm/meshes/link2l_1.stl
/home/mogtaba/robotic_workspace/install/industrial_robot_arm/share/industrial_robot_arm/meshes/link2r_1.stl
/home/mogtaba/robotic_workspace/install/industrial_robot_arm/share/industrial_robot_arm/meshes/link3_1.stl
/home/mogtaba/robotic_workspace/install/industrial_robot_arm/share/industrial_robot_arm/meshes/link4a_1.stl
/home/mogtaba/robotic_workspace/install/industrial_robot_arm/share/industrial_robot_arm/meshes/link4b_1.stl
/home/mogtaba/robotic_workspace/install/industrial_robot_arm/share/industrial_robot_arm/meshes/link5_1.stl
/home/mogtaba/robotic_workspace/install/industrial_robot_arm/share/industrial_robot_arm/config/jtc.yaml
/home/mogtaba/robotic_workspace/install/industrial_robot_arm/lib/python3.10/site-packages/industrial_robot_arm-0.0.0-py3.10.egg-info/dependency_links.txt
/home/mogtaba/robotic_workspace/install/industrial_robot_arm/lib/python3.10/site-packages/industrial_robot_arm-0.0.0-py3.10.egg-info/entry_points.txt
/home/mogtaba/robotic_workspace/install/industrial_robot_arm/lib/python3.10/site-packages/industrial_robot_arm-0.0.0-py3.10.egg-info/PKG-INFO
/home/mogtaba/robotic_workspace/install/industrial_robot_arm/lib/python3.10/site-packages/industrial_robot_arm-0.0.0-py3.10.egg-info/requires.txt
/home/mogtaba/robotic_workspace/install/industrial_robot_arm/lib/python3.10/site-packages/industrial_robot_arm-0.0.0-py3.10.egg-info/SOURCES.txt
/home/mogtaba/robotic_workspace/install/industrial_robot_arm/lib/python3.10/site-packages/industrial_robot_arm-0.0.0-py3.10.egg-info/top_level.txt
/home/mogtaba/robotic_workspace/install/industrial_robot_arm/lib/python3.10/site-packages/industrial_robot_arm-0.0.0-py3.10.egg-info/zip-safe
/home/mogtaba/robotic_workspace/install/industrial_robot_arm/lib/industrial_robot_arm/trajectory_msg
