[2.560s] Invoking command in '/home/mogtaba/robotic_workspace/src/industrial_robot_arm': PYTHONPATH=/home/mogtaba/robotic_workspace/build/industrial_robot_arm/prefix_override:/home/mogtaba/robotic_workspace/install/industrial_robot_arm/lib/python3.10/site-packages:${PYTHONPATH} /usr/bin/python3 setup.py egg_info --egg-base ../../build/industrial_robot_arm build --build-base /home/mogtaba/robotic_workspace/build/industrial_robot_arm/build install --record /home/mogtaba/robotic_workspace/build/industrial_robot_arm/install.log --single-version-externally-managed
[3.749s] running egg_info
[3.752s] writing ../../build/industrial_robot_arm/industrial_robot_arm.egg-info/PKG-INFO
[3.754s] writing dependency_links to ../../build/industrial_robot_arm/industrial_robot_arm.egg-info/dependency_links.txt
[3.756s] writing entry points to ../../build/industrial_robot_arm/industrial_robot_arm.egg-info/entry_points.txt
[3.758s] writing requirements to ../../build/industrial_robot_arm/industrial_robot_arm.egg-info/requires.txt
[3.759s] writing top-level names to ../../build/industrial_robot_arm/industrial_robot_arm.egg-info/top_level.txt
[3.768s] reading manifest file '../../build/industrial_robot_arm/industrial_robot_arm.egg-info/SOURCES.txt'
[3.771s] writing manifest file '../../build/industrial_robot_arm/industrial_robot_arm.egg-info/SOURCES.txt'
[3.772s] running build
[3.772s] running build_py
[3.773s] running install
[3.774s] running install_lib
[3.778s] running install_data
[3.786s] running install_egg_info
[3.791s] removing '/home/mogtaba/robotic_workspace/install/industrial_robot_arm/lib/python3.10/site-packages/industrial_robot_arm-0.0.0-py3.10.egg-info' (and everything under it)
[3.795s] Copying ../../build/industrial_robot_arm/industrial_robot_arm.egg-info to /home/mogtaba/robotic_workspace/install/industrial_robot_arm/lib/python3.10/site-packages/industrial_robot_arm-0.0.0-py3.10.egg-info
[3.809s] running install_scripts
[3.859s] Installing trajectory_msg script to /home/mogtaba/robotic_workspace/install/industrial_robot_arm/lib/industrial_robot_arm
[3.860s] writing list of installed files to '/home/mogtaba/robotic_workspace/build/industrial_robot_arm/install.log'
[3.909s] Invoked command in '/home/mogtaba/robotic_workspace/src/industrial_robot_arm' returned '0': PYTHONPATH=/home/mogtaba/robotic_workspace/build/industrial_robot_arm/prefix_override:/home/mogtaba/robotic_workspace/install/industrial_robot_arm/lib/python3.10/site-packages:${PYTHONPATH} /usr/bin/python3 setup.py egg_info --egg-base ../../build/industrial_robot_arm build --build-base /home/mogtaba/robotic_workspace/build/industrial_robot_arm/build install --record /home/mogtaba/robotic_workspace/build/industrial_robot_arm/install.log --single-version-externally-managed
